2025/03/24 20:02:48 [notice] 1#1: using the "epoll" event method
2025/03/24 20:02:48 [notice] 1#1: nginx/1.27.1
2025/03/24 20:02:48 [notice] 1#1: built by gcc 12.2.0 (Debian 12.2.0-14) 
2025/03/24 20:02:48 [notice] 1#1: OS: Linux 5.15.167.4-microsoft-standard-WSL2
2025/03/24 20:02:48 [notice] 1#1: getrlimit(RLIMIT_NOFILE): 1048576:1048576
2025/03/24 20:02:48 [notice] 1#1: start worker processes
2025/03/24 20:02:48 [notice] 1#1: start worker process 28
2025/03/24 20:02:48 [notice] 1#1: start worker process 29
2025/03/24 20:02:48 [notice] 1#1: start worker process 30
2025/03/24 20:02:48 [notice] 1#1: start worker process 31
2025/03/24 20:02:48 [notice] 1#1: start worker process 32
2025/03/24 20:02:48 [notice] 1#1: start worker process 33
2025/03/24 20:02:48 [notice] 1#1: start worker process 34
2025/03/24 20:02:48 [notice] 1#1: start worker process 35
2025/03/24 20:02:48 [notice] 1#1: start worker process 36
2025/03/24 20:02:48 [notice] 1#1: start worker process 37
2025/03/24 20:02:48 [notice] 1#1: start worker process 38
2025/03/24 20:02:48 [notice] 1#1: start worker process 39
2025/03/24 20:02:48 [notice] 1#1: start worker process 40
2025/03/24 20:02:48 [notice] 1#1: start worker process 41
2025/03/24 20:02:48 [notice] 1#1: start worker process 42
2025/03/24 20:02:48 [notice] 1#1: start worker process 43
2025/03/24 20:02:48 [notice] 1#1: start worker process 44
2025/03/24 20:02:48 [notice] 1#1: start worker process 45
2025/03/24 20:02:48 [notice] 1#1: start worker process 46
2025/03/24 20:02:48 [notice] 1#1: start worker process 47
2025/03/24 20:02:48 [notice] 1#1: start worker process 48
2025/03/24 20:02:48 [notice] 1#1: start worker process 49
2025/03/24 20:02:48 [notice] 1#1: start worker process 50
2025/03/24 20:02:48 [notice] 1#1: start worker process 51
2025/03/24 20:02:48 [notice] 1#1: start worker process 52
2025/03/24 20:02:48 [notice] 1#1: start worker process 53
2025/03/24 20:02:48 [notice] 1#1: start worker process 54
2025/03/24 20:02:48 [notice] 1#1: start worker process 55
2025/03/24 20:03:59 [notice] 1#1: signal 3 (SIGQUIT) received, shutting down
2025/03/24 20:03:59 [notice] 28#28: gracefully shutting down
2025/03/24 20:03:59 [notice] 29#29: gracefully shutting down
2025/03/24 20:03:59 [notice] 31#31: gracefully shutting down
2025/03/24 20:03:59 [notice] 30#30: gracefully shutting down
2025/03/24 20:03:59 [notice] 31#31: exiting
2025/03/24 20:03:59 [notice] 34#34: gracefully shutting down
2025/03/24 20:03:59 [notice] 30#30: exiting
2025/03/24 20:03:59 [notice] 34#34: exiting
2025/03/24 20:03:59 [notice] 36#36: gracefully shutting down
2025/03/24 20:03:59 [notice] 35#35: gracefully shutting down
2025/03/24 20:03:59 [notice] 28#28: exiting
2025/03/24 20:03:59 [notice] 36#36: exiting
2025/03/24 20:03:59 [notice] 30#30: exit
2025/03/24 20:03:59 [notice] 31#31: exit
2025/03/24 20:03:59 [notice] 38#38: gracefully shutting down
2025/03/24 20:03:59 [notice] 35#35: exiting
2025/03/24 20:03:59 [notice] 34#34: exit
2025/03/24 20:03:59 [notice] 33#33: gracefully shutting down
2025/03/24 20:03:59 [notice] 32#32: gracefully shutting down
2025/03/24 20:03:59 [notice] 36#36: exit
2025/03/24 20:03:59 [notice] 38#38: exiting
2025/03/24 20:03:59 [notice] 28#28: exit
2025/03/24 20:03:59 [notice] 39#39: gracefully shutting down
2025/03/24 20:03:59 [notice] 33#33: exiting
2025/03/24 20:03:59 [notice] 35#35: exit
2025/03/24 20:03:59 [notice] 32#32: exiting
2025/03/24 20:03:59 [notice] 39#39: exiting
2025/03/24 20:03:59 [notice] 41#41: gracefully shutting down
2025/03/24 20:03:59 [notice] 38#38: exit
2025/03/24 20:03:59 [notice] 33#33: exit
2025/03/24 20:03:59 [notice] 47#47: gracefully shutting down
2025/03/24 20:03:59 [notice] 32#32: exit
2025/03/24 20:03:59 [notice] 41#41: exiting
2025/03/24 20:03:59 [notice] 45#45: gracefully shutting down
2025/03/24 20:03:59 [notice] 44#44: gracefully shutting down
2025/03/24 20:03:59 [notice] 39#39: exit
2025/03/24 20:03:59 [notice] 37#37: gracefully shutting down
2025/03/24 20:03:59 [notice] 47#47: exiting
2025/03/24 20:03:59 [notice] 45#45: exiting
2025/03/24 20:03:59 [notice] 44#44: exiting
2025/03/24 20:03:59 [notice] 37#37: exiting
2025/03/24 20:03:59 [notice] 41#41: exit
2025/03/24 20:03:59 [notice] 55#55: gracefully shutting down
2025/03/24 20:03:59 [notice] 47#47: exit
2025/03/24 20:03:59 [notice] 45#45: exit
2025/03/24 20:03:59 [notice] 50#50: gracefully shutting down
2025/03/24 20:03:59 [notice] 37#37: exit
2025/03/24 20:03:59 [notice] 55#55: exiting
2025/03/24 20:03:59 [notice] 44#44: exit
2025/03/24 20:03:59 [notice] 54#54: gracefully shutting down
2025/03/24 20:03:59 [notice] 49#49: gracefully shutting down
2025/03/24 20:03:59 [notice] 50#50: exiting
2025/03/24 20:03:59 [notice] 55#55: exit
2025/03/24 20:03:59 [notice] 54#54: exiting
2025/03/24 20:03:59 [notice] 40#40: gracefully shutting down
2025/03/24 20:03:59 [notice] 49#49: exiting
2025/03/24 20:03:59 [notice] 42#42: gracefully shutting down
2025/03/24 20:03:59 [notice] 54#54: exit
2025/03/24 20:03:59 [notice] 40#40: exiting
2025/03/24 20:03:59 [notice] 50#50: exit
2025/03/24 20:03:59 [notice] 42#42: exiting
2025/03/24 20:03:59 [notice] 49#49: exit
2025/03/24 20:03:59 [notice] 48#48: gracefully shutting down
2025/03/24 20:03:59 [notice] 40#40: exit
2025/03/24 20:03:59 [notice] 42#42: exit
2025/03/24 20:03:59 [notice] 48#48: exiting
2025/03/24 20:03:59 [notice] 48#48: exit
2025/03/24 20:03:59 [notice] 51#51: gracefully shutting down
2025/03/24 20:03:59 [notice] 51#51: exiting
2025/03/24 20:03:59 [notice] 43#43: gracefully shutting down
2025/03/24 20:03:59 [notice] 52#52: gracefully shutting down
2025/03/24 20:03:59 [notice] 51#51: exit
2025/03/24 20:03:59 [notice] 43#43: exiting
2025/03/24 20:03:59 [notice] 53#53: gracefully shutting down
2025/03/24 20:03:59 [notice] 52#52: exiting
2025/03/24 20:03:59 [notice] 53#53: exiting
2025/03/24 20:03:59 [notice] 46#46: gracefully shutting down
2025/03/24 20:03:59 [notice] 43#43: exit
2025/03/24 20:03:59 [notice] 52#52: exit
2025/03/24 20:03:59 [notice] 53#53: exit
2025/03/24 20:03:59 [notice] 46#46: exiting
2025/03/24 20:03:59 [notice] 46#46: exit
2025/03/24 20:03:59 [notice] 1#1: signal 17 (SIGCHLD) received from 44
2025/03/24 20:03:59 [notice] 1#1: worker process 28 exited with code 0
2025/03/24 20:03:59 [notice] 1#1: worker process 44 exited with code 0
2025/03/24 20:03:59 [notice] 1#1: signal 29 (SIGIO) received
2025/03/24 20:03:59 [notice] 1#1: signal 17 (SIGCHLD) received from 46
2025/03/24 20:03:59 [notice] 1#1: worker process 36 exited with code 0
2025/03/24 20:03:59 [notice] 1#1: worker process 46 exited with code 0
2025/03/24 20:03:59 [notice] 1#1: signal 29 (SIGIO) received
2025/03/24 20:03:59 [notice] 1#1: signal 17 (SIGCHLD) received from 36
2025/03/24 20:03:59 [notice] 1#1: worker process 43 exited with code 0
2025/03/24 20:03:59 [notice] 1#1: worker process 45 exited with code 0
2025/03/24 20:03:59 [notice] 1#1: signal 29 (SIGIO) received
2025/03/24 20:03:59 [notice] 1#1: signal 17 (SIGCHLD) received from 30
2025/03/24 20:03:59 [notice] 1#1: worker process 30 exited with code 0
2025/03/24 20:03:59 [notice] 1#1: worker process 35 exited with code 0
2025/03/24 20:03:59 [notice] 1#1: worker process 38 exited with code 0
2025/03/24 20:03:59 [notice] 1#1: worker process 47 exited with code 0
2025/03/24 20:03:59 [notice] 1#1: signal 29 (SIGIO) received
2025/03/24 20:03:59 [notice] 1#1: signal 17 (SIGCHLD) received from 47
2025/03/24 20:03:59 [notice] 1#1: worker process 32 exited with code 0
2025/03/24 20:03:59 [notice] 1#1: worker process 33 exited with code 0
2025/03/24 20:03:59 [notice] 1#1: worker process 37 exited with code 0
2025/03/24 20:03:59 [notice] 1#1: worker process 41 exited with code 0
2025/03/24 20:03:59 [notice] 1#1: worker process 48 exited with code 0
2025/03/24 20:03:59 [notice] 1#1: worker process 49 exited with code 0
2025/03/24 20:03:59 [notice] 1#1: worker process 50 exited with code 0
2025/03/24 20:03:59 [notice] 1#1: signal 29 (SIGIO) received
2025/03/24 20:03:59 [notice] 1#1: signal 17 (SIGCHLD) received from 52
2025/03/24 20:03:59 [notice] 1#1: worker process 31 exited with code 0
2025/03/24 20:03:59 [notice] 1#1: worker process 39 exited with code 0
2025/03/24 20:03:59 [notice] 1#1: worker process 52 exited with code 0
2025/03/24 20:03:59 [notice] 1#1: worker process 53 exited with code 0
2025/03/24 20:03:59 [notice] 1#1: worker process 55 exited with code 0
2025/03/24 20:03:59 [notice] 1#1: signal 29 (SIGIO) received
2025/03/24 20:03:59 [notice] 1#1: signal 17 (SIGCHLD) received from 31
2025/03/24 20:03:59 [notice] 1#1: worker process 34 exited with code 0
2025/03/24 20:03:59 [notice] 1#1: worker process 54 exited with code 0
2025/03/24 20:03:59 [notice] 1#1: signal 29 (SIGIO) received
2025/03/24 20:03:59 [notice] 1#1: signal 17 (SIGCHLD) received from 40
2025/03/24 20:03:59 [notice] 1#1: worker process 40 exited with code 0
2025/03/24 20:03:59 [notice] 1#1: worker process 51 exited with code 0
2025/03/24 20:03:59 [notice] 1#1: signal 29 (SIGIO) received
2025/03/24 20:03:59 [notice] 1#1: signal 17 (SIGCHLD) received from 42
2025/03/24 20:03:59 [notice] 1#1: worker process 42 exited with code 0
2025/03/24 20:03:59 [notice] 1#1: signal 29 (SIGIO) received
2025/03/24 20:04:10 [notice] 1#1: using the "epoll" event method
2025/03/24 20:04:10 [notice] 1#1: nginx/1.27.1
2025/03/24 20:04:10 [notice] 1#1: built by gcc 12.2.0 (Debian 12.2.0-14) 
2025/03/24 20:04:10 [notice] 1#1: OS: Linux 5.15.167.4-microsoft-standard-WSL2
2025/03/24 20:04:10 [notice] 1#1: getrlimit(RLIMIT_NOFILE): 1048576:1048576
2025/03/24 20:04:10 [notice] 1#1: start worker processes
2025/03/24 20:04:10 [notice] 1#1: start worker process 28
2025/03/24 20:04:10 [notice] 1#1: start worker process 29
2025/03/24 20:04:10 [notice] 1#1: start worker process 30
2025/03/24 20:04:10 [notice] 1#1: start worker process 31
2025/03/24 20:04:10 [notice] 1#1: start worker process 32
2025/03/24 20:04:10 [notice] 1#1: start worker process 33
2025/03/24 20:04:10 [notice] 1#1: start worker process 34
2025/03/24 20:04:10 [notice] 1#1: start worker process 35
2025/03/24 20:04:10 [notice] 1#1: start worker process 36
2025/03/24 20:04:10 [notice] 1#1: start worker process 37
2025/03/24 20:04:10 [notice] 1#1: start worker process 38
2025/03/24 20:04:10 [notice] 1#1: start worker process 39
2025/03/24 20:04:10 [notice] 1#1: start worker process 40
2025/03/24 20:04:10 [notice] 1#1: start worker process 41
2025/03/24 20:04:10 [notice] 1#1: start worker process 42
2025/03/24 20:04:10 [notice] 1#1: start worker process 43
2025/03/24 20:04:10 [notice] 1#1: start worker process 44
2025/03/24 20:04:10 [notice] 1#1: start worker process 45
2025/03/24 20:04:10 [notice] 1#1: start worker process 46
2025/03/24 20:04:10 [notice] 1#1: start worker process 47
2025/03/24 20:04:10 [notice] 1#1: start worker process 48
2025/03/24 20:04:10 [notice] 1#1: start worker process 49
2025/03/24 20:04:10 [notice] 1#1: start worker process 50
2025/03/24 20:04:10 [notice] 1#1: start worker process 51
2025/03/24 20:04:10 [notice] 1#1: start worker process 52
2025/03/24 20:04:10 [notice] 1#1: start worker process 53
2025/03/24 20:04:10 [notice] 1#1: start worker process 54
2025/03/24 20:04:10 [notice] 1#1: start worker process 55
2025/03/26 06:12:16 [notice] 1#1: using the "epoll" event method
2025/03/26 06:12:16 [notice] 1#1: nginx/1.27.1
2025/03/26 06:12:16 [notice] 1#1: built by gcc 12.2.0 (Debian 12.2.0-14) 
2025/03/26 06:12:16 [notice] 1#1: OS: Linux 5.15.167.4-microsoft-standard-WSL2
2025/03/26 06:12:16 [notice] 1#1: getrlimit(RLIMIT_NOFILE): 1048576:1048576
2025/03/26 06:12:16 [notice] 1#1: start worker processes
2025/03/26 06:12:16 [notice] 1#1: start worker process 28
2025/03/26 06:12:16 [notice] 1#1: start worker process 29
2025/03/26 06:12:16 [notice] 1#1: start worker process 30
2025/03/26 06:12:16 [notice] 1#1: start worker process 31
2025/03/26 06:12:16 [notice] 1#1: start worker process 32
2025/03/26 06:12:16 [notice] 1#1: start worker process 33
2025/03/26 06:12:16 [notice] 1#1: start worker process 34
2025/03/26 06:12:16 [notice] 1#1: start worker process 35
2025/03/26 06:12:16 [notice] 1#1: start worker process 36
2025/03/26 06:12:16 [notice] 1#1: start worker process 37
2025/03/26 06:12:16 [notice] 1#1: start worker process 38
2025/03/26 06:12:16 [notice] 1#1: start worker process 39
2025/03/26 06:12:16 [notice] 1#1: start worker process 40
2025/03/26 06:12:16 [notice] 1#1: start worker process 41
2025/03/26 06:12:16 [notice] 1#1: start worker process 42
2025/03/26 06:12:16 [notice] 1#1: start worker process 43
2025/03/26 06:12:16 [notice] 1#1: start worker process 44
2025/03/26 06:12:16 [notice] 1#1: start worker process 45
2025/03/26 06:12:16 [notice] 1#1: start worker process 46
2025/03/26 06:12:16 [notice] 1#1: start worker process 47
2025/03/26 06:12:16 [notice] 1#1: start worker process 48
2025/03/26 06:12:16 [notice] 1#1: start worker process 49
2025/03/26 06:12:16 [notice] 1#1: start worker process 50
2025/03/26 06:12:16 [notice] 1#1: start worker process 51
2025/03/26 06:12:16 [notice] 1#1: start worker process 52
2025/03/26 06:12:16 [notice] 1#1: start worker process 53
2025/03/26 06:12:16 [notice] 1#1: start worker process 54
2025/03/26 06:12:16 [notice] 1#1: start worker process 55
2025/03/26 06:18:58 [notice] 1#1: using the "epoll" event method
2025/03/26 06:18:58 [notice] 1#1: nginx/1.27.1
2025/03/26 06:18:58 [notice] 1#1: built by gcc 12.2.0 (Debian 12.2.0-14) 
2025/03/26 06:18:58 [notice] 1#1: OS: Linux 5.15.167.4-microsoft-standard-WSL2
2025/03/26 06:18:58 [notice] 1#1: getrlimit(RLIMIT_NOFILE): 1048576:1048576
2025/03/26 06:18:58 [notice] 1#1: start worker processes
2025/03/26 06:18:58 [notice] 1#1: start worker process 28
2025/03/26 06:18:58 [notice] 1#1: start worker process 29
2025/03/26 06:18:58 [notice] 1#1: start worker process 30
2025/03/26 06:18:58 [notice] 1#1: start worker process 31
2025/03/26 06:18:58 [notice] 1#1: start worker process 32
2025/03/26 06:18:58 [notice] 1#1: start worker process 33
2025/03/26 06:18:58 [notice] 1#1: start worker process 34
2025/03/26 06:18:58 [notice] 1#1: start worker process 35
2025/03/26 06:18:58 [notice] 1#1: start worker process 36
2025/03/26 06:18:58 [notice] 1#1: start worker process 37
2025/03/26 06:18:58 [notice] 1#1: start worker process 38
2025/03/26 06:18:58 [notice] 1#1: start worker process 39
2025/03/26 06:18:58 [notice] 1#1: start worker process 40
2025/03/26 06:18:58 [notice] 1#1: start worker process 41
2025/03/26 06:18:58 [notice] 1#1: start worker process 42
2025/03/26 06:18:58 [notice] 1#1: start worker process 43
2025/03/26 06:18:58 [notice] 1#1: start worker process 44
2025/03/26 06:18:58 [notice] 1#1: start worker process 45
2025/03/26 06:18:58 [notice] 1#1: start worker process 46
2025/03/26 06:18:58 [notice] 1#1: start worker process 47
2025/03/26 06:18:58 [notice] 1#1: start worker process 48
2025/03/26 06:18:58 [notice] 1#1: start worker process 49
2025/03/26 06:18:58 [notice] 1#1: start worker process 50
2025/03/26 06:18:58 [notice] 1#1: start worker process 51
2025/03/26 06:18:58 [notice] 1#1: start worker process 52
2025/03/26 06:18:58 [notice] 1#1: start worker process 53
2025/03/26 06:18:58 [notice] 1#1: start worker process 54
2025/03/26 06:18:58 [notice] 1#1: start worker process 55
2025/03/30 11:46:05 [notice] 1#1: using the "epoll" event method
2025/03/30 11:46:05 [notice] 1#1: nginx/1.27.4
2025/03/30 11:46:05 [notice] 1#1: built by gcc 12.2.0 (Debian 12.2.0-14) 
2025/03/30 11:46:05 [notice] 1#1: OS: Linux 6.5.0-14-generic
2025/03/30 11:46:05 [notice] 1#1: getrlimit(RLIMIT_NOFILE): 1048576:1048576
2025/03/30 11:46:05 [notice] 1#1: start worker processes
2025/03/30 11:46:05 [notice] 1#1: start worker process 28
2025/03/30 11:46:05 [notice] 1#1: start worker process 29
2025/03/30 11:46:05 [notice] 1#1: start worker process 30
2025/03/30 11:46:05 [notice] 1#1: start worker process 31
2025/03/30 11:46:05 [notice] 1#1: start worker process 32
2025/03/30 11:46:05 [notice] 1#1: start worker process 33
2025/03/30 11:46:05 [notice] 1#1: start worker process 34
2025/03/30 11:46:05 [notice] 1#1: start worker process 35
2025/03/30 11:46:05 [notice] 1#1: start worker process 36
2025/03/30 11:46:05 [notice] 1#1: start worker process 37
2025/03/30 11:46:05 [notice] 1#1: start worker process 38
2025/03/30 11:46:05 [notice] 1#1: start worker process 39
2025/03/30 11:46:05 [notice] 1#1: start worker process 40
2025/03/30 11:46:05 [notice] 1#1: start worker process 41
2025/03/30 11:46:05 [notice] 1#1: start worker process 42
2025/03/30 11:46:05 [notice] 1#1: start worker process 43
2025/03/30 11:49:33 [notice] 1#1: signal 3 (SIGQUIT) received, shutting down
2025/03/30 11:49:33 [notice] 31#31: gracefully shutting down
2025/03/30 11:49:33 [notice] 31#31: exiting
2025/03/30 11:49:33 [notice] 38#38: gracefully shutting down
2025/03/30 11:49:33 [notice] 38#38: exiting
2025/03/30 11:49:33 [notice] 31#31: exit
2025/03/30 11:49:33 [notice] 38#38: exit
2025/03/30 11:49:33 [notice] 43#43: gracefully shutting down
2025/03/30 11:49:33 [notice] 43#43: exiting
2025/03/30 11:49:33 [notice] 43#43: exit
2025/03/30 11:49:33 [notice] 28#28: gracefully shutting down
2025/03/30 11:49:33 [notice] 28#28: exiting
2025/03/30 11:49:33 [notice] 28#28: exit
2025/03/30 11:49:33 [notice] 29#29: gracefully shutting down
2025/03/30 11:49:33 [notice] 29#29: exiting
2025/03/30 11:49:33 [notice] 29#29: exit
2025/03/30 11:49:33 [notice] 30#30: gracefully shutting down
2025/03/30 11:49:33 [notice] 30#30: exiting
2025/03/30 11:49:33 [notice] 30#30: exit
2025/03/30 11:49:33 [notice] 32#32: gracefully shutting down
2025/03/30 11:49:33 [notice] 32#32: exiting
2025/03/30 11:49:33 [notice] 32#32: exit
2025/03/30 11:49:33 [notice] 33#33: gracefully shutting down
2025/03/30 11:49:33 [notice] 33#33: exiting
2025/03/30 11:49:33 [notice] 33#33: exit
2025/03/30 11:49:33 [notice] 34#34: gracefully shutting down
2025/03/30 11:49:33 [notice] 34#34: exiting
2025/03/30 11:49:33 [notice] 34#34: exit
2025/03/30 11:49:33 [notice] 35#35: gracefully shutting down
2025/03/30 11:49:33 [notice] 35#35: exiting
2025/03/30 11:49:33 [notice] 35#35: exit
2025/03/30 11:49:33 [notice] 36#36: gracefully shutting down
2025/03/30 11:49:33 [notice] 36#36: exiting
2025/03/30 11:49:33 [notice] 36#36: exit
2025/03/30 11:49:33 [notice] 37#37: gracefully shutting down
2025/03/30 11:49:33 [notice] 37#37: exiting
2025/03/30 11:49:33 [notice] 37#37: exit
2025/03/30 11:49:33 [notice] 39#39: gracefully shutting down
2025/03/30 11:49:33 [notice] 39#39: exiting
2025/03/30 11:49:33 [notice] 39#39: exit
2025/03/30 11:49:33 [notice] 40#40: gracefully shutting down
2025/03/30 11:49:33 [notice] 40#40: exiting
2025/03/30 11:49:33 [notice] 40#40: exit
2025/03/30 11:49:33 [notice] 41#41: gracefully shutting down
2025/03/30 11:49:33 [notice] 42#42: gracefully shutting down
2025/03/30 11:49:33 [notice] 41#41: exiting
2025/03/30 11:49:33 [notice] 42#42: exiting
2025/03/30 11:49:33 [notice] 41#41: exit
2025/03/30 11:49:33 [notice] 42#42: exit
2025/03/30 11:49:33 [notice] 1#1: signal 17 (SIGCHLD) received from 41
2025/03/30 11:49:33 [notice] 1#1: worker process 41 exited with code 0
2025/03/30 11:49:33 [notice] 1#1: signal 29 (SIGIO) received
2025/03/30 11:49:33 [notice] 1#1: signal 17 (SIGCHLD) received from 42
2025/03/30 11:49:33 [notice] 1#1: worker process 42 exited with code 0
2025/03/30 11:49:33 [notice] 1#1: signal 29 (SIGIO) received
2025/03/30 11:49:33 [notice] 1#1: signal 17 (SIGCHLD) received from 34
2025/03/30 11:49:33 [notice] 1#1: worker process 34 exited with code 0
2025/03/30 11:49:33 [notice] 1#1: signal 29 (SIGIO) received
2025/03/30 11:49:33 [notice] 1#1: signal 17 (SIGCHLD) received from 35
2025/03/30 11:49:33 [notice] 1#1: worker process 35 exited with code 0
2025/03/30 11:49:33 [notice] 1#1: worker process 43 exited with code 0
2025/03/30 11:49:33 [notice] 1#1: signal 29 (SIGIO) received
2025/03/30 11:49:33 [notice] 1#1: signal 17 (SIGCHLD) received from 38
2025/03/30 11:49:33 [notice] 1#1: worker process 38 exited with code 0
2025/03/30 11:49:33 [notice] 1#1: signal 29 (SIGIO) received
2025/03/30 11:49:33 [notice] 1#1: signal 17 (SIGCHLD) received from 32
2025/03/30 11:49:33 [notice] 1#1: worker process 32 exited with code 0
2025/03/30 11:49:33 [notice] 1#1: signal 29 (SIGIO) received
2025/03/30 11:49:33 [notice] 1#1: signal 17 (SIGCHLD) received from 37
2025/03/30 11:49:33 [notice] 1#1: worker process 28 exited with code 0
2025/03/30 11:49:33 [notice] 1#1: worker process 29 exited with code 0
2025/03/30 11:49:33 [notice] 1#1: worker process 30 exited with code 0
2025/03/30 11:49:33 [notice] 1#1: worker process 33 exited with code 0
2025/03/30 11:49:33 [notice] 1#1: worker process 36 exited with code 0
2025/03/30 11:49:33 [notice] 1#1: worker process 37 exited with code 0
2025/03/30 11:49:33 [notice] 1#1: worker process 39 exited with code 0
2025/03/30 11:49:33 [notice] 1#1: worker process 40 exited with code 0
2025/03/30 11:49:33 [notice] 1#1: signal 29 (SIGIO) received
2025/03/30 11:49:33 [notice] 1#1: signal 17 (SIGCHLD) received from 29
2025/03/30 11:49:33 [notice] 1#1: signal 17 (SIGCHLD) received from 31
2025/03/30 11:49:33 [notice] 1#1: worker process 31 exited with code 0
2025/03/30 11:49:33 [notice] 1#1: exit
2025/03/30 11:49:44 [notice] 1#1: using the "epoll" event method
2025/03/30 11:49:44 [notice] 1#1: nginx/1.27.4
2025/03/30 11:49:44 [notice] 1#1: built by gcc 12.2.0 (Debian 12.2.0-14) 
2025/03/30 11:49:44 [notice] 1#1: OS: Linux 6.5.0-14-generic
2025/03/30 11:49:44 [notice] 1#1: getrlimit(RLIMIT_NOFILE): 1048576:1048576
2025/03/30 11:49:44 [notice] 1#1: start worker processes
2025/03/30 11:49:44 [notice] 1#1: start worker process 28
2025/03/30 11:49:44 [notice] 1#1: start worker process 29
2025/03/30 11:49:44 [notice] 1#1: start worker process 30
2025/03/30 11:49:44 [notice] 1#1: start worker process 31
2025/03/30 11:49:44 [notice] 1#1: start worker process 32
2025/03/30 11:49:44 [notice] 1#1: start worker process 33
2025/03/30 11:49:44 [notice] 1#1: start worker process 34
2025/03/30 11:49:44 [notice] 1#1: start worker process 35
2025/03/30 11:49:44 [notice] 1#1: start worker process 36
2025/03/30 11:49:44 [notice] 1#1: start worker process 37
2025/03/30 11:49:44 [notice] 1#1: start worker process 38
2025/03/30 11:49:44 [notice] 1#1: start worker process 39
2025/03/30 11:49:44 [notice] 1#1: start worker process 40
2025/03/30 11:49:44 [notice] 1#1: start worker process 41
2025/03/30 11:49:44 [notice] 1#1: start worker process 42
2025/03/30 11:49:44 [notice] 1#1: start worker process 43
2025/03/30 18:10:25 [notice] 1#1: using the "epoll" event method
2025/03/30 18:10:25 [notice] 1#1: nginx/1.27.4
2025/03/30 18:10:25 [notice] 1#1: built by gcc 12.2.0 (Debian 12.2.0-14) 
2025/03/30 18:10:25 [notice] 1#1: OS: Linux 5.15.167.4-microsoft-standard-WSL2
2025/03/30 18:10:25 [notice] 1#1: getrlimit(RLIMIT_NOFILE): 1048576:1048576
2025/03/30 18:10:25 [notice] 1#1: start worker processes
2025/03/30 18:10:25 [notice] 1#1: start worker process 28
2025/03/30 18:10:25 [notice] 1#1: start worker process 29
2025/03/30 18:10:25 [notice] 1#1: start worker process 30
2025/03/30 18:10:25 [notice] 1#1: start worker process 31
2025/03/30 18:10:25 [notice] 1#1: start worker process 32
2025/03/30 18:10:25 [notice] 1#1: start worker process 33
2025/03/30 18:10:25 [notice] 1#1: start worker process 34
2025/03/30 18:10:25 [notice] 1#1: start worker process 35
2025/03/30 18:10:25 [notice] 1#1: start worker process 36
2025/03/30 18:10:25 [notice] 1#1: start worker process 37
2025/03/30 18:10:25 [notice] 1#1: start worker process 38
2025/03/30 18:10:25 [notice] 1#1: start worker process 39
2025/03/30 18:10:25 [notice] 1#1: start worker process 40
2025/03/30 18:10:25 [notice] 1#1: start worker process 41
2025/03/30 18:10:25 [notice] 1#1: start worker process 42
2025/03/30 18:10:25 [notice] 1#1: start worker process 43
2025/03/30 18:10:25 [notice] 1#1: start worker process 44
2025/03/30 18:10:25 [notice] 1#1: start worker process 45
2025/03/30 18:10:25 [notice] 1#1: start worker process 46
2025/03/30 18:10:25 [notice] 1#1: start worker process 47
2025/03/30 18:10:25 [notice] 1#1: start worker process 48
2025/03/30 18:10:25 [notice] 1#1: start worker process 49
2025/03/30 18:10:25 [notice] 1#1: start worker process 50
2025/03/30 18:10:25 [notice] 1#1: start worker process 51
2025/03/30 18:10:25 [notice] 1#1: start worker process 52
2025/03/30 18:10:25 [notice] 1#1: start worker process 53
2025/03/30 18:10:25 [notice] 1#1: start worker process 54
2025/03/30 18:10:25 [notice] 1#1: start worker process 55
2025/03/30 18:13:51 [notice] 1#1: signal 3 (SIGQUIT) received, shutting down
2025/03/30 18:13:51 [notice] 28#28: gracefully shutting down
2025/03/30 18:13:51 [notice] 30#30: gracefully shutting down
2025/03/30 18:13:51 [notice] 33#33: gracefully shutting down
2025/03/30 18:13:51 [notice] 28#28: exiting
2025/03/30 18:13:51 [notice] 34#34: gracefully shutting down
2025/03/30 18:13:51 [notice] 32#32: gracefully shutting down
2025/03/30 18:13:51 [notice] 30#30: exiting
2025/03/30 18:13:51 [notice] 33#33: exiting
2025/03/30 18:13:51 [notice] 34#34: exiting
2025/03/30 18:13:51 [notice] 40#40: gracefully shutting down
2025/03/30 18:13:51 [notice] 32#32: exiting
2025/03/30 18:13:51 [notice] 29#29: gracefully shutting down
2025/03/30 18:13:51 [notice] 42#42: gracefully shutting down
2025/03/30 18:13:51 [notice] 28#28: exit
2025/03/30 18:13:51 [notice] 33#33: exit
2025/03/30 18:13:51 [notice] 30#30: exit
2025/03/30 18:13:51 [notice] 31#31: gracefully shutting down
2025/03/30 18:13:51 [notice] 35#35: gracefully shutting down
2025/03/30 18:13:51 [notice] 34#34: exit
2025/03/30 18:13:51 [notice] 40#40: exiting
2025/03/30 18:13:51 [notice] 32#32: exit
2025/03/30 18:13:51 [notice] 29#29: exiting
2025/03/30 18:13:51 [notice] 41#41: gracefully shutting down
2025/03/30 18:13:51 [notice] 39#39: gracefully shutting down
2025/03/30 18:13:51 [notice] 45#45: gracefully shutting down
2025/03/30 18:13:51 [notice] 42#42: exiting
2025/03/30 18:13:51 [notice] 31#31: exiting
2025/03/30 18:13:51 [notice] 35#35: exiting
2025/03/30 18:13:51 [notice] 41#41: exiting
2025/03/30 18:13:51 [notice] 39#39: exiting
2025/03/30 18:13:51 [notice] 44#44: gracefully shutting down
2025/03/30 18:13:51 [notice] 40#40: exit
2025/03/30 18:13:51 [notice] 29#29: exit
2025/03/30 18:13:51 [notice] 45#45: exiting
2025/03/30 18:13:51 [notice] 46#46: gracefully shutting down
2025/03/30 18:13:51 [notice] 37#37: gracefully shutting down
2025/03/30 18:13:51 [notice] 43#43: gracefully shutting down
2025/03/30 18:13:51 [notice] 42#42: exit
2025/03/30 18:13:51 [notice] 35#35: exit
2025/03/30 18:13:51 [notice] 31#31: exit
2025/03/30 18:13:51 [notice] 44#44: exiting
2025/03/30 18:13:51 [notice] 38#38: gracefully shutting down
2025/03/30 18:13:51 [notice] 55#55: gracefully shutting down
2025/03/30 18:13:51 [notice] 41#41: exit
2025/03/30 18:13:51 [notice] 53#53: gracefully shutting down
2025/03/30 18:13:51 [notice] 39#39: exit
2025/03/30 18:13:51 [notice] 51#51: gracefully shutting down
2025/03/30 18:13:51 [notice] 48#48: gracefully shutting down
2025/03/30 18:13:51 [notice] 49#49: gracefully shutting down
2025/03/30 18:13:51 [notice] 45#45: exit
2025/03/30 18:13:51 [notice] 50#50: gracefully shutting down
2025/03/30 18:13:51 [notice] 46#46: exiting
2025/03/30 18:13:51 [notice] 37#37: exiting
2025/03/30 18:13:51 [notice] 43#43: exiting
2025/03/30 18:13:51 [notice] 44#44: exit
2025/03/30 18:13:51 [notice] 38#38: exiting
2025/03/30 18:13:51 [notice] 53#53: exiting
2025/03/30 18:13:51 [notice] 51#51: exiting
2025/03/30 18:13:51 [notice] 55#55: exiting
2025/03/30 18:13:51 [notice] 49#49: exiting
2025/03/30 18:13:51 [notice] 48#48: exiting
2025/03/30 18:13:51 [notice] 50#50: exiting
2025/03/30 18:13:51 [notice] 37#37: exit
2025/03/30 18:13:51 [notice] 38#38: exit
2025/03/30 18:13:51 [notice] 53#53: exit
2025/03/30 18:13:51 [notice] 46#46: exit
2025/03/30 18:13:51 [notice] 43#43: exit
2025/03/30 18:13:51 [notice] 55#55: exit
2025/03/30 18:13:51 [notice] 51#51: exit
2025/03/30 18:13:51 [notice] 49#49: exit
2025/03/30 18:13:51 [notice] 48#48: exit
2025/03/30 18:13:51 [notice] 50#50: exit
2025/03/30 18:13:51 [notice] 52#52: gracefully shutting down
2025/03/30 18:13:51 [notice] 52#52: exiting
2025/03/30 18:13:51 [notice] 52#52: exit
2025/03/30 18:13:51 [notice] 36#36: gracefully shutting down
2025/03/30 18:13:51 [notice] 54#54: gracefully shutting down
2025/03/30 18:13:51 [notice] 36#36: exiting
2025/03/30 18:13:51 [notice] 54#54: exiting
2025/03/30 18:13:51 [notice] 47#47: gracefully shutting down
2025/03/30 18:13:51 [notice] 36#36: exit
2025/03/30 18:13:51 [notice] 54#54: exit
2025/03/30 18:13:51 [notice] 47#47: exiting
2025/03/30 18:13:51 [notice] 47#47: exit
2025/03/30 18:13:51 [notice] 1#1: signal 17 (SIGCHLD) received from 48
2025/03/30 18:13:51 [notice] 1#1: worker process 48 exited with code 0
2025/03/30 18:13:51 [notice] 1#1: signal 29 (SIGIO) received
2025/03/30 18:13:51 [notice] 1#1: signal 17 (SIGCHLD) received from 49
2025/03/30 18:13:51 [notice] 1#1: worker process 49 exited with code 0
2025/03/30 18:13:51 [notice] 1#1: signal 29 (SIGIO) received
2025/03/30 18:13:51 [notice] 1#1: signal 17 (SIGCHLD) received from 43
2025/03/30 18:13:51 [notice] 1#1: worker process 43 exited with code 0
2025/03/30 18:13:51 [notice] 1#1: worker process 54 exited with code 0
2025/03/30 18:13:51 [notice] 1#1: signal 17 (SIGCHLD) received from 54
2025/03/30 18:13:51 [notice] 1#1: signal 29 (SIGIO) received
2025/03/30 18:13:51 [notice] 1#1: signal 17 (SIGCHLD) received from 45
2025/03/30 18:13:51 [notice] 1#1: worker process 45 exited with code 0
2025/03/30 18:13:51 [notice] 1#1: worker process 39 exited with code 0
2025/03/30 18:13:51 [notice] 1#1: signal 29 (SIGIO) received
2025/03/30 18:13:51 [notice] 1#1: signal 17 (SIGCHLD) received from 39
2025/03/30 18:13:51 [notice] 1#1: worker process 52 exited with code 0
2025/03/30 18:13:51 [notice] 1#1: signal 29 (SIGIO) received
2025/03/30 18:13:51 [notice] 1#1: signal 17 (SIGCHLD) received from 46
2025/03/30 18:13:51 [notice] 1#1: worker process 30 exited with code 0
2025/03/30 18:13:51 [notice] 1#1: worker process 42 exited with code 0
2025/03/30 18:13:51 [notice] 1#1: worker process 44 exited with code 0
2025/03/30 18:13:51 [notice] 1#1: worker process 46 exited with code 0
2025/03/30 18:13:51 [notice] 1#1: signal 29 (SIGIO) received
2025/03/30 18:13:51 [notice] 1#1: signal 17 (SIGCHLD) received from 42
2025/03/30 18:13:51 [notice] 1#1: worker process 28 exited with code 0
2025/03/30 18:13:51 [notice] 1#1: worker process 32 exited with code 0
2025/03/30 18:13:51 [notice] 1#1: worker process 34 exited with code 0
2025/03/30 18:13:51 [notice] 1#1: worker process 35 exited with code 0
2025/03/30 18:13:51 [notice] 1#1: worker process 41 exited with code 0
2025/03/30 18:13:51 [notice] 1#1: worker process 50 exited with code 0
2025/03/30 18:13:51 [notice] 1#1: worker process 51 exited with code 0
2025/03/30 18:13:51 [notice] 1#1: signal 29 (SIGIO) received
2025/03/30 18:13:51 [notice] 1#1: signal 17 (SIGCHLD) received from 38
2025/03/30 18:13:51 [notice] 1#1: worker process 38 exited with code 0
2025/03/30 18:13:51 [notice] 1#1: signal 29 (SIGIO) received
2025/03/30 18:13:51 [notice] 1#1: signal 17 (SIGCHLD) received from 47
2025/03/30 18:13:51 [notice] 1#1: worker process 40 exited with code 0
2025/03/30 18:13:51 [notice] 1#1: worker process 47 exited with code 0
2025/03/30 18:13:51 [notice] 1#1: signal 29 (SIGIO) received
2025/03/30 18:13:51 [notice] 1#1: signal 17 (SIGCHLD) received from 55
2025/03/30 18:13:51 [notice] 1#1: worker process 36 exited with code 0
2025/03/30 18:13:51 [notice] 1#1: worker process 55 exited with code 0
2025/03/30 18:13:51 [notice] 1#1: signal 29 (SIGIO) received
2025/03/30 18:13:51 [notice] 1#1: signal 17 (SIGCHLD) received from 36
2025/03/30 18:13:51 [notice] 1#1: worker process 37 exited with code 0
2025/03/30 18:13:51 [notice] 1#1: worker process 53 exited with code 0
2025/03/30 18:13:51 [notice] 1#1: signal 29 (SIGIO) received
2025/03/30 18:13:51 [notice] 1#1: signal 17 (SIGCHLD) received from 37
2025/03/30 18:13:51 [notice] 1#1: worker process 31 exited with code 0
2025/03/30 18:13:51 [notice] 1#1: worker process 33 exited with code 0
2025/03/30 18:13:51 [notice] 1#1: signal 17 (SIGCHLD) received from 33
2025/03/30 18:13:51 [notice] 1#1: signal 17 (SIGCHLD) received from 29
2025/03/30 18:13:51 [notice] 1#1: worker process 29 exited with code 0
2025/03/30 18:13:51 [notice] 1#1: exit
2025/03/30 18:14:25 [notice] 1#1: using the "epoll" event method
2025/03/30 18:14:25 [notice] 1#1: nginx/1.27.4
2025/03/30 18:14:25 [notice] 1#1: built by gcc 12.2.0 (Debian 12.2.0-14) 
2025/03/30 18:14:25 [notice] 1#1: OS: Linux 5.15.167.4-microsoft-standard-WSL2
2025/03/30 18:14:25 [notice] 1#1: getrlimit(RLIMIT_NOFILE): 1048576:1048576
2025/03/30 18:14:25 [notice] 1#1: start worker processes
2025/03/30 18:14:25 [notice] 1#1: start worker process 29
2025/03/30 18:14:25 [notice] 1#1: start worker process 30
2025/03/30 18:14:25 [notice] 1#1: start worker process 31
2025/03/30 18:14:25 [notice] 1#1: start worker process 32
2025/03/30 18:14:25 [notice] 1#1: start worker process 33
2025/03/30 18:14:25 [notice] 1#1: start worker process 34
2025/03/30 18:14:25 [notice] 1#1: start worker process 35
2025/03/30 18:14:25 [notice] 1#1: start worker process 36
2025/03/30 18:14:25 [notice] 1#1: start worker process 37
2025/03/30 18:14:25 [notice] 1#1: start worker process 38
2025/03/30 18:14:25 [notice] 1#1: start worker process 39
2025/03/30 18:14:25 [notice] 1#1: start worker process 40
2025/03/30 18:14:25 [notice] 1#1: start worker process 41
2025/03/30 18:14:25 [notice] 1#1: start worker process 42
2025/03/30 18:14:25 [notice] 1#1: start worker process 43
2025/03/30 18:14:25 [notice] 1#1: start worker process 44
2025/03/30 18:14:25 [notice] 1#1: start worker process 45
2025/03/30 18:14:25 [notice] 1#1: start worker process 46
2025/03/30 18:14:25 [notice] 1#1: start worker process 47
2025/03/30 18:14:25 [notice] 1#1: start worker process 48
2025/03/30 18:14:25 [notice] 1#1: start worker process 49
2025/03/30 18:14:25 [notice] 1#1: start worker process 50
2025/03/30 18:14:25 [notice] 1#1: start worker process 51
2025/03/30 18:14:25 [notice] 1#1: start worker process 52
2025/03/30 18:14:25 [notice] 1#1: start worker process 53
2025/03/30 18:14:25 [notice] 1#1: start worker process 54
2025/03/30 18:14:25 [notice] 1#1: start worker process 55
2025/03/30 18:14:25 [notice] 1#1: start worker process 56
2025/04/01 17:00:17 [notice] 1#1: using the "epoll" event method
2025/04/01 17:00:17 [notice] 1#1: nginx/1.27.4
2025/04/01 17:00:17 [notice] 1#1: built by gcc 12.2.0 (Debian 12.2.0-14) 
2025/04/01 17:00:17 [notice] 1#1: OS: Linux 5.15.167.4-microsoft-standard-WSL2
2025/04/01 17:00:17 [notice] 1#1: getrlimit(RLIMIT_NOFILE): 1048576:1048576
2025/04/01 17:00:17 [notice] 1#1: start worker processes
2025/04/01 17:00:17 [notice] 1#1: start worker process 28
2025/04/01 17:00:17 [notice] 1#1: start worker process 29
2025/04/01 17:00:17 [notice] 1#1: start worker process 30
2025/04/01 17:00:17 [notice] 1#1: start worker process 31
2025/04/01 17:00:17 [notice] 1#1: start worker process 32
2025/04/01 17:00:17 [notice] 1#1: start worker process 33
2025/04/01 17:00:17 [notice] 1#1: start worker process 34
2025/04/01 17:00:17 [notice] 1#1: start worker process 35
2025/04/01 17:00:17 [notice] 1#1: start worker process 36
2025/04/01 17:00:17 [notice] 1#1: start worker process 37
2025/04/01 17:00:17 [notice] 1#1: start worker process 38
2025/04/01 17:00:17 [notice] 1#1: start worker process 39
2025/04/01 17:00:17 [notice] 1#1: start worker process 40
2025/04/01 17:00:17 [notice] 1#1: start worker process 41
2025/04/01 17:00:17 [notice] 1#1: start worker process 42
2025/04/01 17:00:17 [notice] 1#1: start worker process 43
2025/04/01 17:00:17 [notice] 1#1: start worker process 44
2025/04/01 17:00:17 [notice] 1#1: start worker process 45
2025/04/01 17:00:17 [notice] 1#1: start worker process 46
2025/04/01 17:00:17 [notice] 1#1: start worker process 47
2025/04/01 17:00:17 [notice] 1#1: start worker process 48
2025/04/01 17:00:17 [notice] 1#1: start worker process 49
2025/04/01 17:00:17 [notice] 1#1: start worker process 50
2025/04/01 17:00:17 [notice] 1#1: start worker process 51
2025/04/01 17:00:17 [notice] 1#1: start worker process 52
2025/04/01 17:00:17 [notice] 1#1: start worker process 53
2025/04/01 17:00:17 [notice] 1#1: start worker process 54
2025/04/01 17:00:17 [notice] 1#1: start worker process 55
2025/04/01 17:18:13 [notice] 1#1: signal 3 (SIGQUIT) received, shutting down
2025/04/01 17:18:13 [notice] 28#28: gracefully shutting down
2025/04/01 17:18:13 [notice] 30#30: gracefully shutting down
2025/04/01 17:18:13 [notice] 29#29: gracefully shutting down
2025/04/01 17:18:13 [notice] 28#28: exiting
2025/04/01 17:18:13 [notice] 31#31: gracefully shutting down
2025/04/01 17:18:13 [notice] 32#32: gracefully shutting down
2025/04/01 17:18:13 [notice] 29#29: exiting
2025/04/01 17:18:13 [notice] 35#35: gracefully shutting down
2025/04/01 17:18:13 [notice] 32#32: exiting
2025/04/01 17:18:13 [notice] 28#28: exit
2025/04/01 17:18:13 [notice] 33#33: gracefully shutting down
2025/04/01 17:18:13 [notice] 34#34: gracefully shutting down
2025/04/01 17:18:13 [notice] 36#36: gracefully shutting down
2025/04/01 17:18:13 [notice] 30#30: exiting
2025/04/01 17:18:13 [notice] 29#29: exit
2025/04/01 17:18:13 [notice] 39#39: gracefully shutting down
2025/04/01 17:18:13 [notice] 40#40: gracefully shutting down
2025/04/01 17:18:13 [notice] 42#42: gracefully shutting down
2025/04/01 17:18:13 [notice] 37#37: gracefully shutting down
2025/04/01 17:18:13 [notice] 38#38: gracefully shutting down
2025/04/01 17:18:13 [notice] 35#35: exiting
2025/04/01 17:18:13 [notice] 32#32: exit
2025/04/01 17:18:13 [notice] 33#33: exiting
2025/04/01 17:18:13 [notice] 43#43: gracefully shutting down
2025/04/01 17:18:13 [notice] 34#34: exiting
2025/04/01 17:18:13 [notice] 45#45: gracefully shutting down
2025/04/01 17:18:13 [notice] 36#36: exiting
2025/04/01 17:18:13 [notice] 30#30: exit
2025/04/01 17:18:13 [notice] 39#39: exiting
2025/04/01 17:18:13 [notice] 40#40: exiting
2025/04/01 17:18:13 [notice] 42#42: exiting
2025/04/01 17:18:13 [notice] 37#37: exiting
2025/04/01 17:18:13 [notice] 41#41: gracefully shutting down
2025/04/01 17:18:13 [notice] 38#38: exiting
2025/04/01 17:18:13 [notice] 51#51: gracefully shutting down
2025/04/01 17:18:13 [notice] 43#43: exiting
2025/04/01 17:18:13 [notice] 47#47: gracefully shutting down
2025/04/01 17:18:13 [notice] 35#35: exit
2025/04/01 17:18:13 [notice] 48#48: gracefully shutting down
2025/04/01 17:18:13 [notice] 33#33: exit
2025/04/01 17:18:13 [notice] 46#46: gracefully shutting down
2025/04/01 17:18:13 [notice] 34#34: exit
2025/04/01 17:18:13 [notice] 36#36: exit
2025/04/01 17:18:13 [notice] 52#52: gracefully shutting down
2025/04/01 17:18:13 [notice] 53#53: gracefully shutting down
2025/04/01 17:18:13 [notice] 42#42: exit
2025/04/01 17:18:13 [notice] 37#37: exit
2025/04/01 17:18:13 [notice] 40#40: exit
2025/04/01 17:18:13 [notice] 41#41: exiting
2025/04/01 17:18:13 [notice] 51#51: exiting
2025/04/01 17:18:13 [notice] 45#45: exiting
2025/04/01 17:18:13 [notice] 39#39: exit
2025/04/01 17:18:13 [notice] 46#46: exiting
2025/04/01 17:18:13 [notice] 48#48: exiting
2025/04/01 17:18:13 [notice] 54#54: gracefully shutting down
2025/04/01 17:18:13 [notice] 53#53: exiting
2025/04/01 17:18:13 [notice] 38#38: exit
2025/04/01 17:18:13 [notice] 43#43: exit
2025/04/01 17:18:13 [notice] 47#47: exiting
2025/04/01 17:18:13 [notice] 52#52: exiting
2025/04/01 17:18:13 [notice] 41#41: exit
2025/04/01 17:18:13 [notice] 51#51: exit
2025/04/01 17:18:13 [notice] 46#46: exit
2025/04/01 17:18:13 [notice] 45#45: exit
2025/04/01 17:18:13 [notice] 50#50: gracefully shutting down
2025/04/01 17:18:13 [notice] 48#48: exit
2025/04/01 17:18:13 [notice] 54#54: exiting
2025/04/01 17:18:13 [notice] 53#53: exit
2025/04/01 17:18:13 [notice] 52#52: exit
2025/04/01 17:18:13 [notice] 47#47: exit
2025/04/01 17:18:13 [notice] 50#50: exiting
2025/04/01 17:18:13 [notice] 54#54: exit
2025/04/01 17:18:13 [notice] 50#50: exit
2025/04/01 17:18:13 [notice] 44#44: gracefully shutting down
2025/04/01 17:18:13 [notice] 44#44: exiting
2025/04/01 17:18:13 [notice] 44#44: exit
2025/04/01 17:18:13 [notice] 55#55: gracefully shutting down
2025/04/01 17:18:13 [notice] 49#49: gracefully shutting down
2025/04/01 17:18:13 [notice] 55#55: exiting
2025/04/01 17:18:13 [notice] 49#49: exiting
2025/04/01 17:18:13 [notice] 55#55: exit
2025/04/01 17:18:13 [notice] 49#49: exit
2025/04/01 17:18:13 [notice] 1#1: signal 17 (SIGCHLD) received from 52
2025/04/01 17:18:13 [notice] 1#1: worker process 37 exited with code 0
2025/04/01 17:18:13 [notice] 1#1: worker process 52 exited with code 0
2025/04/01 17:18:13 [notice] 1#1: signal 29 (SIGIO) received
2025/04/01 17:18:13 [notice] 1#1: signal 17 (SIGCHLD) received from 32
2025/04/01 17:18:13 [notice] 1#1: worker process 32 exited with code 0
2025/04/01 17:18:13 [notice] 1#1: worker process 34 exited with code 0
2025/04/01 17:18:13 [notice] 1#1: signal 29 (SIGIO) received
2025/04/01 17:18:13 [notice] 1#1: signal 17 (SIGCHLD) received from 39
2025/04/01 17:18:13 [notice] 1#1: worker process 39 exited with code 0
2025/04/01 17:18:13 [notice] 1#1: signal 29 (SIGIO) received
2025/04/01 17:18:13 [notice] 1#1: signal 17 (SIGCHLD) received from 40
2025/04/01 17:18:13 [notice] 1#1: worker process 40 exited with code 0
2025/04/01 17:18:13 [notice] 1#1: worker process 42 exited with code 0
2025/04/01 17:18:13 [notice] 1#1: signal 29 (SIGIO) received
2025/04/01 17:18:13 [notice] 1#1: signal 17 (SIGCHLD) received from 45
2025/04/01 17:18:13 [notice] 1#1: worker process 45 exited with code 0
2025/04/01 17:18:13 [notice] 1#1: signal 29 (SIGIO) received
2025/04/01 17:18:13 [notice] 1#1: signal 17 (SIGCHLD) received from 30
2025/04/01 17:18:13 [notice] 1#1: worker process 28 exited with code 0
2025/04/01 17:18:13 [notice] 1#1: worker process 30 exited with code 0
2025/04/01 17:18:13 [notice] 1#1: worker process 33 exited with code 0
2025/04/01 17:18:13 [notice] 1#1: worker process 41 exited with code 0
2025/04/01 17:18:13 [notice] 1#1: signal 29 (SIGIO) received
2025/04/01 17:18:13 [notice] 1#1: signal 17 (SIGCHLD) received from 28
2025/04/01 17:18:13 [notice] 1#1: worker process 55 exited with code 0
2025/04/01 17:18:13 [notice] 1#1: signal 29 (SIGIO) received
2025/04/01 17:18:13 [notice] 1#1: signal 17 (SIGCHLD) received from 47
2025/04/01 17:18:13 [notice] 1#1: worker process 35 exited with code 0
2025/04/01 17:18:13 [notice] 1#1: worker process 47 exited with code 0
2025/04/01 17:18:13 [notice] 1#1: signal 29 (SIGIO) received
2025/04/01 17:18:13 [notice] 1#1: signal 17 (SIGCHLD) received from 35
2025/04/01 17:18:13 [notice] 1#1: signal 17 (SIGCHLD) received from 50
2025/04/01 17:18:13 [notice] 1#1: worker process 50 exited with code 0
2025/04/01 17:18:13 [notice] 1#1: signal 29 (SIGIO) received
2025/04/01 17:18:13 [notice] 1#1: signal 17 (SIGCHLD) received from 29
2025/04/01 17:18:13 [notice] 1#1: worker process 29 exited with code 0
2025/04/01 17:18:13 [notice] 1#1: signal 29 (SIGIO) received
2025/04/01 17:18:13 [notice] 1#1: signal 17 (SIGCHLD) received from 54
2025/04/01 17:18:13 [notice] 1#1: worker process 36 exited with code 0
2025/04/01 17:18:13 [notice] 1#1: worker process 38 exited with code 0
2025/04/01 17:18:13 [notice] 1#1: worker process 43 exited with code 0
2025/04/01 17:18:13 [notice] 1#1: worker process 44 exited with code 0
2025/04/01 17:18:13 [notice] 1#1: worker process 46 exited with code 0
2025/04/01 17:18:13 [notice] 1#1: worker process 49 exited with code 0
2025/04/01 17:18:13 [notice] 1#1: worker process 51 exited with code 0
2025/04/01 17:18:13 [notice] 1#1: worker process 53 exited with code 0
2025/04/01 17:18:13 [notice] 1#1: worker process 54 exited with code 0
2025/04/01 17:18:13 [notice] 1#1: signal 29 (SIGIO) received
2025/04/01 17:18:13 [notice] 1#1: signal 17 (SIGCHLD) received from 48
2025/04/01 17:18:13 [notice] 1#1: worker process 48 exited with code 0
2025/04/01 17:18:13 [notice] 1#1: signal 29 (SIGIO) received
2025/04/01 17:28:04 [notice] 1#1: using the "epoll" event method
2025/04/01 17:28:04 [notice] 1#1: nginx/1.27.4
2025/04/01 17:28:04 [notice] 1#1: built by gcc 12.2.0 (Debian 12.2.0-14) 
2025/04/01 17:28:04 [notice] 1#1: OS: Linux 5.15.167.4-microsoft-standard-WSL2
2025/04/01 17:28:04 [notice] 1#1: getrlimit(RLIMIT_NOFILE): 1048576:1048576
2025/04/01 17:28:04 [notice] 1#1: start worker processes
2025/04/01 17:28:04 [notice] 1#1: start worker process 28
2025/04/01 17:28:04 [notice] 1#1: start worker process 29
2025/04/01 17:28:04 [notice] 1#1: start worker process 30
2025/04/01 17:28:04 [notice] 1#1: start worker process 31
2025/04/01 17:28:04 [notice] 1#1: start worker process 32
2025/04/01 17:28:04 [notice] 1#1: start worker process 33
2025/04/01 17:28:04 [notice] 1#1: start worker process 34
2025/04/01 17:28:04 [notice] 1#1: start worker process 35
2025/04/01 17:28:04 [notice] 1#1: start worker process 36
2025/04/01 17:28:04 [notice] 1#1: start worker process 37
2025/04/01 17:28:04 [notice] 1#1: start worker process 38
2025/04/01 17:28:04 [notice] 1#1: start worker process 39
2025/04/01 17:28:04 [notice] 1#1: start worker process 40
2025/04/01 17:28:04 [notice] 1#1: start worker process 41
2025/04/01 17:28:04 [notice] 1#1: start worker process 42
2025/04/01 17:28:04 [notice] 1#1: start worker process 43
2025/04/01 17:28:04 [notice] 1#1: start worker process 44
2025/04/01 17:28:04 [notice] 1#1: start worker process 45
2025/04/01 17:28:04 [notice] 1#1: start worker process 46
2025/04/01 17:28:04 [notice] 1#1: start worker process 47
2025/04/01 17:28:04 [notice] 1#1: start worker process 48
2025/04/01 17:28:04 [notice] 1#1: start worker process 49
2025/04/01 17:28:04 [notice] 1#1: start worker process 50
2025/04/01 17:28:04 [notice] 1#1: start worker process 51
2025/04/01 17:28:04 [notice] 1#1: start worker process 52
2025/04/01 17:28:04 [notice] 1#1: start worker process 53
2025/04/01 17:28:04 [notice] 1#1: start worker process 54
2025/04/01 17:28:04 [notice] 1#1: start worker process 55
2025/04/01 17:28:15 [notice] 1#1: signal 3 (SIGQUIT) received, shutting down
2025/04/01 17:28:15 [notice] 28#28: gracefully shutting down
2025/04/01 17:28:15 [notice] 29#29: gracefully shutting down
2025/04/01 17:28:15 [notice] 30#30: gracefully shutting down
2025/04/01 17:28:15 [notice] 36#36: gracefully shutting down
2025/04/01 17:28:15 [notice] 37#37: gracefully shutting down
2025/04/01 17:28:15 [notice] 28#28: exiting
2025/04/01 17:28:15 [notice] 32#32: gracefully shutting down
2025/04/01 17:28:15 [notice] 29#29: exiting
2025/04/01 17:28:15 [notice] 31#31: gracefully shutting down
2025/04/01 17:28:15 [notice] 34#34: gracefully shutting down
2025/04/01 17:28:15 [notice] 30#30: exiting
2025/04/01 17:28:15 [notice] 36#36: exiting
2025/04/01 17:28:15 [notice] 37#37: exiting
2025/04/01 17:28:15 [notice] 32#32: exiting
2025/04/01 17:28:15 [notice] 39#39: gracefully shutting down
2025/04/01 17:28:15 [notice] 31#31: exiting
2025/04/01 17:28:15 [notice] 34#34: exiting
2025/04/01 17:28:15 [notice] 40#40: gracefully shutting down
2025/04/01 17:28:15 [notice] 41#41: gracefully shutting down
2025/04/01 17:28:15 [notice] 39#39: exiting
2025/04/01 17:28:15 [notice] 33#33: gracefully shutting down
2025/04/01 17:28:15 [notice] 38#38: gracefully shutting down
2025/04/01 17:28:15 [notice] 36#36: exit
2025/04/01 17:28:15 [notice] 37#37: exit
2025/04/01 17:28:15 [notice] 40#40: exiting
2025/04/01 17:28:15 [notice] 34#34: exit
2025/04/01 17:28:15 [notice] 28#28: exit
2025/04/01 17:28:15 [notice] 41#41: exiting
2025/04/01 17:28:15 [notice] 30#30: exit
2025/04/01 17:28:15 [notice] 32#32: exit
2025/04/01 17:28:15 [notice] 33#33: exiting
2025/04/01 17:28:15 [notice] 31#31: exit
2025/04/01 17:28:15 [notice] 42#42: gracefully shutting down
2025/04/01 17:28:15 [notice] 38#38: exiting
2025/04/01 17:28:15 [notice] 39#39: exit
2025/04/01 17:28:15 [notice] 29#29: exit
2025/04/01 17:28:15 [notice] 42#42: exiting
2025/04/01 17:28:15 [notice] 44#44: gracefully shutting down
2025/04/01 17:28:15 [notice] 46#46: gracefully shutting down
2025/04/01 17:28:15 [notice] 40#40: exit
2025/04/01 17:28:15 [notice] 45#45: gracefully shutting down
2025/04/01 17:28:15 [notice] 38#38: exit
2025/04/01 17:28:15 [notice] 33#33: exit
2025/04/01 17:28:15 [notice] 41#41: exit
2025/04/01 17:28:15 [notice] 48#48: gracefully shutting down
2025/04/01 17:28:15 [notice] 44#44: exiting
2025/04/01 17:28:15 [notice] 46#46: exiting
2025/04/01 17:28:15 [notice] 45#45: exiting
2025/04/01 17:28:15 [notice] 42#42: exit
2025/04/01 17:28:15 [notice] 48#48: exiting
2025/04/01 17:28:15 [notice] 48#48: exit
2025/04/01 17:28:15 [notice] 46#46: exit
2025/04/01 17:28:15 [notice] 44#44: exit
2025/04/01 17:28:15 [notice] 45#45: exit
2025/04/01 17:28:15 [notice] 54#54: gracefully shutting down
2025/04/01 17:28:15 [notice] 43#43: gracefully shutting down
2025/04/01 17:28:15 [notice] 54#54: exiting
2025/04/01 17:28:15 [notice] 43#43: exiting
2025/04/01 17:28:15 [notice] 54#54: exit
2025/04/01 17:28:15 [notice] 43#43: exit
2025/04/01 17:28:15 [notice] 50#50: gracefully shutting down
2025/04/01 17:28:15 [notice] 50#50: exiting
2025/04/01 17:28:15 [notice] 55#55: gracefully shutting down
2025/04/01 17:28:15 [notice] 55#55: exiting
2025/04/01 17:28:15 [notice] 50#50: exit
2025/04/01 17:28:15 [notice] 35#35: gracefully shutting down
2025/04/01 17:28:15 [notice] 53#53: gracefully shutting down
2025/04/01 17:28:15 [notice] 47#47: gracefully shutting down
2025/04/01 17:28:15 [notice] 35#35: exiting
2025/04/01 17:28:15 [notice] 55#55: exit
2025/04/01 17:28:15 [notice] 53#53: exiting
2025/04/01 17:28:15 [notice] 52#52: gracefully shutting down
2025/04/01 17:28:15 [notice] 47#47: exiting
2025/04/01 17:28:15 [notice] 52#52: exiting
2025/04/01 17:28:15 [notice] 35#35: exit
2025/04/01 17:28:15 [notice] 47#47: exit
2025/04/01 17:28:15 [notice] 53#53: exit
2025/04/01 17:28:15 [notice] 52#52: exit
2025/04/01 17:28:15 [notice] 49#49: gracefully shutting down
2025/04/01 17:28:15 [notice] 49#49: exiting
2025/04/01 17:28:15 [notice] 49#49: exit
2025/04/01 17:28:15 [notice] 51#51: gracefully shutting down
2025/04/01 17:28:15 [notice] 51#51: exiting
2025/04/01 17:28:15 [notice] 51#51: exit
2025/04/01 17:28:15 [notice] 1#1: signal 17 (SIGCHLD) received from 50
2025/04/01 17:28:15 [notice] 1#1: worker process 42 exited with code 0
2025/04/01 17:28:15 [notice] 1#1: worker process 48 exited with code 0
2025/04/01 17:28:15 [notice] 1#1: worker process 50 exited with code 0
2025/04/01 17:28:15 [notice] 1#1: signal 29 (SIGIO) received
2025/04/01 17:28:15 [notice] 1#1: signal 17 (SIGCHLD) received from 38
2025/04/01 17:28:15 [notice] 1#1: worker process 38 exited with code 0
2025/04/01 17:28:15 [notice] 1#1: worker process 47 exited with code 0
2025/04/01 17:28:15 [notice] 1#1: signal 29 (SIGIO) received
2025/04/01 17:28:15 [notice] 1#1: signal 17 (SIGCHLD) received from 44
2025/04/01 17:28:15 [notice] 1#1: worker process 39 exited with code 0
2025/04/01 17:28:15 [notice] 1#1: worker process 44 exited with code 0
2025/04/01 17:28:15 [notice] 1#1: signal 29 (SIGIO) received
2025/04/01 17:28:15 [notice] 1#1: signal 17 (SIGCHLD) received from 39
2025/04/01 17:28:15 [notice] 1#1: worker process 33 exited with code 0
2025/04/01 17:28:15 [notice] 1#1: signal 29 (SIGIO) received
2025/04/01 17:28:15 [notice] 1#1: signal 17 (SIGCHLD) received from 53
2025/04/01 17:28:15 [notice] 1#1: worker process 53 exited with code 0
2025/04/01 17:28:15 [notice] 1#1: signal 29 (SIGIO) received
2025/04/01 17:28:15 [notice] 1#1: signal 17 (SIGCHLD) received from 41
2025/04/01 17:28:15 [notice] 1#1: worker process 30 exited with code 0
2025/04/01 17:28:15 [notice] 1#1: worker process 41 exited with code 0
2025/04/01 17:28:15 [notice] 1#1: worker process 45 exited with code 0
2025/04/01 17:28:15 [notice] 1#1: worker process 55 exited with code 0
2025/04/01 17:28:15 [notice] 1#1: worker process 34 exited with code 0
2025/04/01 17:28:15 [notice] 1#1: signal 29 (SIGIO) received
2025/04/01 17:28:15 [notice] 1#1: signal 17 (SIGCHLD) received from 45
2025/04/01 17:28:15 [notice] 1#1: worker process 29 exited with code 0
2025/04/01 17:28:15 [notice] 1#1: worker process 43 exited with code 0
2025/04/01 17:28:15 [notice] 1#1: worker process 51 exited with code 0
2025/04/01 17:28:15 [notice] 1#1: worker process 54 exited with code 0
2025/04/01 17:28:15 [notice] 1#1: signal 29 (SIGIO) received
2025/04/01 17:28:15 [notice] 1#1: signal 17 (SIGCHLD) received from 54
2025/04/01 17:28:15 [notice] 1#1: worker process 46 exited with code 0
2025/04/01 17:28:15 [notice] 1#1: signal 29 (SIGIO) received
2025/04/01 17:28:15 [notice] 1#1: signal 17 (SIGCHLD) received from 49
2025/04/01 17:28:15 [notice] 1#1: worker process 28 exited with code 0
2025/04/01 17:28:15 [notice] 1#1: worker process 49 exited with code 0
2025/04/01 17:28:15 [notice] 1#1: signal 29 (SIGIO) received
2025/04/01 17:28:15 [notice] 1#1: signal 17 (SIGCHLD) received from 28
2025/04/01 17:28:15 [notice] 1#1: signal 17 (SIGCHLD) received from 32
2025/04/01 17:28:15 [notice] 1#1: worker process 31 exited with code 0
2025/04/01 17:28:15 [notice] 1#1: worker process 32 exited with code 0
2025/04/01 17:28:15 [notice] 1#1: worker process 37 exited with code 0
2025/04/01 17:28:15 [notice] 1#1: signal 29 (SIGIO) received
2025/04/01 17:28:15 [notice] 1#1: signal 17 (SIGCHLD) received from 37
2025/04/01 17:28:15 [notice] 1#1: signal 17 (SIGCHLD) received from 36
2025/04/01 17:28:15 [notice] 1#1: worker process 35 exited with code 0
2025/04/01 17:28:15 [notice] 1#1: worker process 36 exited with code 0
2025/04/01 17:28:15 [notice] 1#1: signal 29 (SIGIO) received
2025/04/01 17:28:15 [notice] 1#1: signal 17 (SIGCHLD) received from 35
2025/04/01 17:28:15 [notice] 1#1: worker process 52 exited with code 0
2025/04/01 17:28:15 [notice] 1#1: signal 29 (SIGIO) received
2025/04/01 17:28:15 [notice] 1#1: signal 17 (SIGCHLD) received from 40
2025/04/01 17:28:15 [notice] 1#1: worker process 40 exited with code 0
2025/04/01 17:28:15 [notice] 1#1: exit
2025/04/01 17:32:23 [notice] 1#1: using the "epoll" event method
2025/04/01 17:32:23 [notice] 1#1: nginx/1.27.4
2025/04/01 17:32:23 [notice] 1#1: built by gcc 12.2.0 (Debian 12.2.0-14) 
2025/04/01 17:32:23 [notice] 1#1: OS: Linux 5.15.167.4-microsoft-standard-WSL2
2025/04/01 17:32:23 [notice] 1#1: getrlimit(RLIMIT_NOFILE): 1048576:1048576
2025/04/01 17:32:23 [notice] 1#1: start worker processes
2025/04/01 17:32:23 [notice] 1#1: start worker process 28
2025/04/01 17:32:23 [notice] 1#1: start worker process 29
2025/04/01 17:32:23 [notice] 1#1: start worker process 30
2025/04/01 17:32:23 [notice] 1#1: start worker process 31
2025/04/01 17:32:23 [notice] 1#1: start worker process 32
2025/04/01 17:32:23 [notice] 1#1: start worker process 33
2025/04/01 17:32:23 [notice] 1#1: start worker process 34
2025/04/01 17:32:23 [notice] 1#1: start worker process 35
2025/04/01 17:32:23 [notice] 1#1: start worker process 36
2025/04/01 17:32:23 [notice] 1#1: start worker process 37
2025/04/01 17:32:23 [notice] 1#1: start worker process 38
2025/04/01 17:32:23 [notice] 1#1: start worker process 39
2025/04/01 17:32:23 [notice] 1#1: start worker process 40
2025/04/01 17:32:23 [notice] 1#1: start worker process 41
2025/04/01 17:32:23 [notice] 1#1: start worker process 42
2025/04/01 17:32:23 [notice] 1#1: start worker process 43
2025/04/01 17:32:23 [notice] 1#1: start worker process 44
2025/04/01 17:32:23 [notice] 1#1: start worker process 45
2025/04/01 17:32:23 [notice] 1#1: start worker process 46
2025/04/01 17:32:23 [notice] 1#1: start worker process 47
2025/04/01 17:32:23 [notice] 1#1: start worker process 48
2025/04/01 17:32:23 [notice] 1#1: start worker process 49
2025/04/01 17:32:23 [notice] 1#1: start worker process 50
2025/04/01 17:32:23 [notice] 1#1: start worker process 51
2025/04/01 17:32:23 [notice] 1#1: start worker process 52
2025/04/01 17:32:23 [notice] 1#1: start worker process 53
2025/04/01 17:32:23 [notice] 1#1: start worker process 54
2025/04/01 17:32:23 [notice] 1#1: start worker process 55
2025/04/01 18:22:21 [notice] 1#1: signal 1 (SIGHUP) received from 83, reconfiguring
2025/04/01 18:22:21 [notice] 1#1: reconfiguring
2025/04/01 18:22:21 [notice] 1#1: using the "epoll" event method
2025/04/01 18:22:21 [notice] 1#1: start worker processes
2025/04/01 18:22:21 [notice] 1#1: start worker process 84
2025/04/01 18:22:21 [notice] 1#1: start worker process 85
2025/04/01 18:22:21 [notice] 1#1: start worker process 86
2025/04/01 18:22:21 [notice] 1#1: start worker process 87
2025/04/01 18:22:21 [notice] 1#1: start worker process 88
2025/04/01 18:22:21 [notice] 1#1: start worker process 89
2025/04/01 18:22:21 [notice] 1#1: start worker process 90
2025/04/01 18:22:21 [notice] 1#1: start worker process 91
2025/04/01 18:22:21 [notice] 1#1: start worker process 92
2025/04/01 18:22:21 [notice] 1#1: start worker process 93
2025/04/01 18:22:21 [notice] 1#1: start worker process 94
2025/04/01 18:22:21 [notice] 1#1: start worker process 95
2025/04/01 18:22:21 [notice] 1#1: start worker process 96
2025/04/01 18:22:21 [notice] 1#1: start worker process 97
2025/04/01 18:22:21 [notice] 1#1: start worker process 98
2025/04/01 18:22:21 [notice] 1#1: start worker process 99
2025/04/01 18:22:21 [notice] 1#1: start worker process 100
2025/04/01 18:22:21 [notice] 1#1: start worker process 101
2025/04/01 18:22:21 [notice] 1#1: start worker process 102
2025/04/01 18:22:21 [notice] 1#1: start worker process 103
2025/04/01 18:22:21 [notice] 1#1: start worker process 104
2025/04/01 18:22:21 [notice] 1#1: start worker process 105
2025/04/01 18:22:21 [notice] 1#1: start worker process 106
2025/04/01 18:22:21 [notice] 1#1: start worker process 107
2025/04/01 18:22:21 [notice] 1#1: start worker process 108
2025/04/01 18:22:21 [notice] 1#1: start worker process 109
2025/04/01 18:22:21 [notice] 1#1: start worker process 110
2025/04/01 18:22:21 [notice] 1#1: start worker process 111
2025/04/01 18:22:21 [notice] 28#28: gracefully shutting down
2025/04/01 18:22:21 [notice] 29#29: gracefully shutting down
2025/04/01 18:22:21 [notice] 30#30: gracefully shutting down
2025/04/01 18:22:21 [notice] 28#28: exiting
2025/04/01 18:22:21 [notice] 29#29: exiting
2025/04/01 18:22:21 [notice] 30#30: exiting
2025/04/01 18:22:21 [notice] 32#32: gracefully shutting down
2025/04/01 18:22:21 [notice] 31#31: gracefully shutting down
2025/04/01 18:22:21 [notice] 34#34: gracefully shutting down
2025/04/01 18:22:21 [notice] 28#28: exit
2025/04/01 18:22:21 [notice] 30#30: exit
2025/04/01 18:22:21 [notice] 29#29: exit
2025/04/01 18:22:21 [notice] 31#31: exiting
2025/04/01 18:22:21 [notice] 32#32: exiting
2025/04/01 18:22:21 [notice] 34#34: exiting
2025/04/01 18:22:21 [notice] 33#33: gracefully shutting down
2025/04/01 18:22:21 [notice] 38#38: gracefully shutting down
2025/04/01 18:22:21 [notice] 31#31: exit
2025/04/01 18:22:21 [notice] 32#32: exit
2025/04/01 18:22:21 [notice] 35#35: gracefully shutting down
2025/04/01 18:22:21 [notice] 43#43: gracefully shutting down
2025/04/01 18:22:21 [notice] 41#41: gracefully shutting down
2025/04/01 18:22:21 [notice] 35#35: exiting
2025/04/01 18:22:21 [notice] 38#38: exiting
2025/04/01 18:22:21 [notice] 33#33: exiting
2025/04/01 18:22:21 [notice] 42#42: gracefully shutting down
2025/04/01 18:22:21 [notice] 34#34: exit
2025/04/01 18:22:21 [notice] 43#43: exiting
2025/04/01 18:22:21 [notice] 44#44: gracefully shutting down
2025/04/01 18:22:21 [notice] 41#41: exiting
2025/04/01 18:22:21 [notice] 45#45: gracefully shutting down
2025/04/01 18:22:21 [notice] 42#42: exiting
2025/04/01 18:22:21 [notice] 44#44: exiting
2025/04/01 18:22:21 [notice] 47#47: gracefully shutting down
2025/04/01 18:22:21 [notice] 53#53: gracefully shutting down
2025/04/01 18:22:21 [notice] 33#33: exit
2025/04/01 18:22:21 [notice] 45#45: exiting
2025/04/01 18:22:21 [notice] 38#38: exit
2025/04/01 18:22:21 [notice] 35#35: exit
2025/04/01 18:22:21 [notice] 55#55: gracefully shutting down
2025/04/01 18:22:21 [notice] 54#54: gracefully shutting down
2025/04/01 18:22:21 [notice] 52#52: gracefully shutting down
2025/04/01 18:22:21 [notice] 47#47: exiting
2025/04/01 18:22:21 [notice] 43#43: exit
2025/04/01 18:22:21 [notice] 53#53: exiting
2025/04/01 18:22:21 [notice] 55#55: exiting
2025/04/01 18:22:21 [notice] 41#41: exit
2025/04/01 18:22:21 [notice] 42#42: exit
2025/04/01 18:22:21 [notice] 44#44: exit
2025/04/01 18:22:21 [notice] 54#54: exiting
2025/04/01 18:22:21 [notice] 52#52: exiting
2025/04/01 18:22:21 [notice] 45#45: exit
2025/04/01 18:22:21 [notice] 47#47: exit
2025/04/01 18:22:21 [notice] 55#55: exit
2025/04/01 18:22:21 [notice] 53#53: exit
2025/04/01 18:22:21 [notice] 54#54: exit
2025/04/01 18:22:21 [notice] 52#52: exit
2025/04/01 18:22:21 [notice] 50#50: gracefully shutting down
2025/04/01 18:22:21 [notice] 50#50: exiting
2025/04/01 18:22:21 [notice] 50#50: exit
2025/04/01 18:22:21 [notice] 36#36: gracefully shutting down
2025/04/01 18:22:21 [notice] 37#37: gracefully shutting down
2025/04/01 18:22:21 [notice] 36#36: exiting
2025/04/01 18:22:21 [notice] 39#39: gracefully shutting down
2025/04/01 18:22:21 [notice] 40#40: gracefully shutting down
2025/04/01 18:22:21 [notice] 39#39: exiting
2025/04/01 18:22:21 [notice] 37#37: exiting
2025/04/01 18:22:21 [notice] 36#36: exit
2025/04/01 18:22:21 [notice] 40#40: exiting
2025/04/01 18:22:21 [notice] 51#51: gracefully shutting down
2025/04/01 18:22:21 [notice] 46#46: gracefully shutting down
2025/04/01 18:22:21 [notice] 48#48: gracefully shutting down
2025/04/01 18:22:21 [notice] 39#39: exit
2025/04/01 18:22:21 [notice] 37#37: exit
2025/04/01 18:22:21 [notice] 40#40: exit
2025/04/01 18:22:21 [notice] 46#46: exiting
2025/04/01 18:22:21 [notice] 48#48: exiting
2025/04/01 18:22:21 [notice] 51#51: exiting
2025/04/01 18:22:21 [notice] 48#48: exit
2025/04/01 18:22:21 [notice] 49#49: gracefully shutting down
2025/04/01 18:22:21 [notice] 46#46: exit
2025/04/01 18:22:21 [notice] 51#51: exit
2025/04/01 18:22:21 [notice] 49#49: exiting
2025/04/01 18:22:21 [notice] 49#49: exit
2025/04/01 18:22:22 [notice] 1#1: signal 17 (SIGCHLD) received from 46
2025/04/01 18:22:22 [notice] 1#1: worker process 30 exited with code 0
2025/04/01 18:22:22 [notice] 1#1: worker process 31 exited with code 0
2025/04/01 18:22:22 [notice] 1#1: worker process 34 exited with code 0
2025/04/01 18:22:22 [notice] 1#1: worker process 46 exited with code 0
2025/04/01 18:22:22 [notice] 1#1: worker process 53 exited with code 0
2025/04/01 18:22:22 [notice] 1#1: signal 29 (SIGIO) received
2025/04/01 18:22:22 [notice] 1#1: signal 17 (SIGCHLD) received from 34
2025/04/01 18:22:22 [notice] 1#1: worker process 42 exited with code 0
2025/04/01 18:22:22 [notice] 1#1: worker process 49 exited with code 0
2025/04/01 18:22:22 [notice] 1#1: worker process 52 exited with code 0
2025/04/01 18:22:22 [notice] 1#1: worker process 55 exited with code 0
2025/04/01 18:22:22 [notice] 1#1: signal 29 (SIGIO) received
2025/04/01 18:22:22 [notice] 1#1: signal 17 (SIGCHLD) received from 51
2025/04/01 18:22:22 [notice] 1#1: worker process 37 exited with code 0
2025/04/01 18:22:22 [notice] 1#1: worker process 51 exited with code 0
2025/04/01 18:22:22 [notice] 1#1: signal 29 (SIGIO) received
2025/04/01 18:22:22 [notice] 1#1: signal 17 (SIGCHLD) received from 38
2025/04/01 18:22:22 [notice] 1#1: worker process 38 exited with code 0
2025/04/01 18:22:22 [notice] 1#1: signal 29 (SIGIO) received
2025/04/01 18:22:22 [notice] 1#1: signal 17 (SIGCHLD) received from 48
2025/04/01 18:22:22 [notice] 1#1: worker process 48 exited with code 0
2025/04/01 18:22:22 [notice] 1#1: signal 29 (SIGIO) received
2025/04/01 18:22:22 [notice] 1#1: signal 17 (SIGCHLD) received from 41
2025/04/01 18:22:22 [notice] 1#1: worker process 28 exited with code 0
2025/04/01 18:22:22 [notice] 1#1: worker process 29 exited with code 0
2025/04/01 18:22:22 [notice] 1#1: worker process 32 exited with code 0
2025/04/01 18:22:22 [notice] 1#1: worker process 33 exited with code 0
2025/04/01 18:22:22 [notice] 1#1: worker process 35 exited with code 0
2025/04/01 18:22:22 [notice] 1#1: worker process 36 exited with code 0
2025/04/01 18:22:22 [notice] 1#1: worker process 39 exited with code 0
2025/04/01 18:22:22 [notice] 1#1: worker process 41 exited with code 0
2025/04/01 18:22:22 [notice] 1#1: worker process 43 exited with code 0
2025/04/01 18:22:22 [notice] 1#1: worker process 44 exited with code 0
2025/04/01 18:22:22 [notice] 1#1: worker process 45 exited with code 0
2025/04/01 18:22:22 [notice] 1#1: worker process 54 exited with code 0
2025/04/01 18:22:22 [notice] 1#1: signal 29 (SIGIO) received
2025/04/01 18:22:22 [notice] 1#1: signal 17 (SIGCHLD) received from 47
2025/04/01 18:22:22 [notice] 1#1: worker process 47 exited with code 0
2025/04/01 18:22:22 [notice] 1#1: worker process 40 exited with code 0
2025/04/01 18:22:22 [notice] 1#1: signal 29 (SIGIO) received
2025/04/01 18:22:22 [notice] 1#1: signal 17 (SIGCHLD) received from 40
2025/04/01 18:22:22 [notice] 1#1: worker process 50 exited with code 0
2025/04/01 18:22:22 [notice] 1#1: signal 29 (SIGIO) received
2025/04/01 18:47:50 [notice] 1#1: signal 3 (SIGQUIT) received, shutting down
2025/04/01 18:47:50 [notice] 84#84: gracefully shutting down
2025/04/01 18:47:50 [notice] 85#85: gracefully shutting down
2025/04/01 18:47:50 [notice] 86#86: gracefully shutting down
2025/04/01 18:47:50 [notice] 87#87: gracefully shutting down
2025/04/01 18:47:50 [notice] 84#84: exiting
2025/04/01 18:47:50 [notice] 88#88: gracefully shutting down
2025/04/01 18:47:50 [notice] 86#86: exiting
2025/04/01 18:47:50 [notice] 85#85: exiting
2025/04/01 18:47:50 [notice] 89#89: gracefully shutting down
2025/04/01 18:47:50 [notice] 87#87: exiting
2025/04/01 18:47:50 [notice] 90#90: gracefully shutting down
2025/04/01 18:47:50 [notice] 88#88: exiting
2025/04/01 18:47:50 [notice] 89#89: exiting
2025/04/01 18:47:50 [notice] 84#84: exit
2025/04/01 18:47:50 [notice] 86#86: exit
2025/04/01 18:47:50 [notice] 87#87: exit
2025/04/01 18:47:50 [notice] 85#85: exit
2025/04/01 18:47:50 [notice] 94#94: gracefully shutting down
2025/04/01 18:47:50 [notice] 90#90: exiting
2025/04/01 18:47:50 [notice] 89#89: exit
2025/04/01 18:47:50 [notice] 88#88: exit
2025/04/01 18:47:50 [notice] 94#94: exiting
2025/04/01 18:47:50 [notice] 91#91: gracefully shutting down
2025/04/01 18:47:50 [notice] 92#92: gracefully shutting down
2025/04/01 18:47:50 [notice] 93#93: gracefully shutting down
2025/04/01 18:47:50 [notice] 97#97: gracefully shutting down
2025/04/01 18:47:50 [notice] 96#96: gracefully shutting down
2025/04/01 18:47:50 [notice] 98#98: gracefully shutting down
2025/04/01 18:47:50 [notice] 95#95: gracefully shutting down
2025/04/01 18:47:50 [notice] 99#99: gracefully shutting down
2025/04/01 18:47:50 [notice] 94#94: exit
2025/04/01 18:47:50 [notice] 92#92: exiting
2025/04/01 18:47:50 [notice] 103#103: gracefully shutting down
2025/04/01 18:47:50 [notice] 93#93: exiting
2025/04/01 18:47:50 [notice] 100#100: gracefully shutting down
2025/04/01 18:47:50 [notice] 97#97: exiting
2025/04/01 18:47:50 [notice] 101#101: gracefully shutting down
2025/04/01 18:47:50 [notice] 91#91: exiting
2025/04/01 18:47:50 [notice] 96#96: exiting
2025/04/01 18:47:50 [notice] 104#104: gracefully shutting down
2025/04/01 18:47:50 [notice] 95#95: exiting
2025/04/01 18:47:50 [notice] 98#98: exiting
2025/04/01 18:47:50 [notice] 99#99: exiting
2025/04/01 18:47:50 [notice] 106#106: gracefully shutting down
2025/04/01 18:47:50 [notice] 103#103: exiting
2025/04/01 18:47:50 [notice] 92#92: exit
2025/04/01 18:47:50 [notice] 100#100: exiting
2025/04/01 18:47:50 [notice] 93#93: exit
2025/04/01 18:47:50 [notice] 110#110: gracefully shutting down
2025/04/01 18:47:50 [notice] 108#108: gracefully shutting down
2025/04/01 18:47:50 [notice] 101#101: exiting
2025/04/01 18:47:50 [notice] 97#97: exit
2025/04/01 18:47:50 [notice] 111#111: gracefully shutting down
2025/04/01 18:47:50 [notice] 104#104: exiting
2025/04/01 18:47:50 [notice] 91#91: exit
2025/04/01 18:47:50 [notice] 107#107: gracefully shutting down
2025/04/01 18:47:50 [notice] 96#96: exit
2025/04/01 18:47:50 [notice] 95#95: exit
2025/04/01 18:47:50 [notice] 106#106: exiting
2025/04/01 18:47:50 [notice] 99#99: exit
2025/04/01 18:47:50 [notice] 98#98: exit
2025/04/01 18:47:50 [notice] 100#100: exit
2025/04/01 18:47:50 [notice] 103#103: exit
2025/04/01 18:47:50 [notice] 108#108: exiting
2025/04/01 18:47:50 [notice] 110#110: exiting
2025/04/01 18:47:50 [notice] 111#111: exiting
2025/04/01 18:47:50 [notice] 101#101: exit
2025/04/01 18:47:50 [notice] 107#107: exiting
2025/04/01 18:47:50 [notice] 104#104: exit
2025/04/01 18:47:50 [notice] 106#106: exit
2025/04/01 18:47:50 [notice] 108#108: exit
2025/04/01 18:47:50 [notice] 107#107: exit
2025/04/01 18:47:50 [notice] 110#110: exit
2025/04/01 18:47:50 [notice] 111#111: exit
2025/04/01 18:47:50 [notice] 109#109: gracefully shutting down
2025/04/01 18:47:50 [notice] 90#90: exit
2025/04/01 18:47:50 [notice] 109#109: exiting
2025/04/01 18:47:50 [notice] 109#109: exit
2025/04/01 18:47:50 [notice] 105#105: gracefully shutting down
2025/04/01 18:47:50 [notice] 105#105: exiting
2025/04/01 18:47:50 [notice] 105#105: exit
2025/04/01 18:47:50 [notice] 102#102: gracefully shutting down
2025/04/01 18:47:50 [notice] 102#102: exiting
2025/04/01 18:47:50 [notice] 102#102: exit
2025/04/01 18:47:50 [notice] 1#1: signal 17 (SIGCHLD) received from 90
2025/04/01 18:47:50 [notice] 1#1: worker process 90 exited with code 0
2025/04/01 18:47:50 [notice] 1#1: signal 29 (SIGIO) received
2025/04/01 18:47:50 [notice] 1#1: signal 17 (SIGCHLD) received from 101
2025/04/01 18:47:50 [notice] 1#1: worker process 101 exited with code 0
2025/04/01 18:47:50 [notice] 1#1: signal 29 (SIGIO) received
2025/04/01 18:47:50 [notice] 1#1: signal 17 (SIGCHLD) received from 87
2025/04/01 18:47:50 [notice] 1#1: worker process 87 exited with code 0
2025/04/01 18:47:50 [notice] 1#1: signal 29 (SIGIO) received
2025/04/01 18:47:50 [notice] 1#1: signal 17 (SIGCHLD) received from 99
2025/04/01 18:47:50 [notice] 1#1: worker process 99 exited with code 0
2025/04/01 18:47:50 [notice] 1#1: signal 29 (SIGIO) received
2025/04/01 18:47:50 [notice] 1#1: signal 17 (SIGCHLD) received from 103
2025/04/01 18:47:50 [notice] 1#1: worker process 96 exited with code 0
2025/04/01 18:47:50 [notice] 1#1: worker process 103 exited with code 0
2025/04/01 18:47:50 [notice] 1#1: signal 17 (SIGCHLD) received from 96
2025/04/01 18:47:50 [notice] 1#1: signal 29 (SIGIO) received
2025/04/01 18:47:50 [notice] 1#1: signal 17 (SIGCHLD) received from 86
2025/04/01 18:47:50 [notice] 1#1: worker process 86 exited with code 0
2025/04/01 18:47:50 [notice] 1#1: signal 29 (SIGIO) received
2025/04/01 18:47:50 [notice] 1#1: signal 17 (SIGCHLD) received from 109
2025/04/01 18:47:50 [notice] 1#1: worker process 84 exited with code 0
2025/04/01 18:47:50 [notice] 1#1: worker process 85 exited with code 0
2025/04/01 18:47:50 [notice] 1#1: worker process 92 exited with code 0
2025/04/01 18:47:50 [notice] 1#1: worker process 95 exited with code 0
2025/04/01 18:47:50 [notice] 1#1: worker process 97 exited with code 0
2025/04/01 18:47:50 [notice] 1#1: worker process 105 exited with code 0
2025/04/01 18:47:50 [notice] 1#1: worker process 107 exited with code 0
2025/04/01 18:47:50 [notice] 1#1: worker process 109 exited with code 0
2025/04/01 18:47:50 [notice] 1#1: signal 29 (SIGIO) received
2025/04/01 18:47:50 [notice] 1#1: signal 17 (SIGCHLD) received from 85
2025/04/01 18:47:50 [notice] 1#1: signal 17 (SIGCHLD) received from 102
2025/04/01 18:47:50 [notice] 1#1: worker process 102 exited with code 0
2025/04/01 18:47:50 [notice] 1#1: signal 29 (SIGIO) received
2025/04/01 18:47:50 [notice] 1#1: signal 17 (SIGCHLD) received from 91
2025/04/01 18:47:50 [notice] 1#1: worker process 88 exited with code 0
2025/04/01 18:47:50 [notice] 1#1: worker process 89 exited with code 0
2025/04/01 18:47:50 [notice] 1#1: worker process 91 exited with code 0
2025/04/01 18:47:50 [notice] 1#1: worker process 94 exited with code 0
2025/04/01 18:47:50 [notice] 1#1: signal 29 (SIGIO) received
2025/04/01 18:47:50 [notice] 1#1: signal 17 (SIGCHLD) received from 88
2025/04/01 18:47:50 [notice] 1#1: signal 17 (SIGCHLD) received from 93
2025/04/01 18:47:50 [notice] 1#1: worker process 93 exited with code 0
2025/04/01 18:47:50 [notice] 1#1: worker process 110 exited with code 0
2025/04/01 18:47:50 [notice] 1#1: signal 29 (SIGIO) received
2025/04/01 18:47:50 [notice] 1#1: signal 17 (SIGCHLD) received from 110
2025/04/01 18:47:50 [notice] 1#1: signal 17 (SIGCHLD) received from 104
2025/04/01 18:47:50 [notice] 1#1: worker process 104 exited with code 0
2025/04/01 18:47:50 [notice] 1#1: signal 29 (SIGIO) received
2025/04/01 18:47:50 [notice] 1#1: signal 17 (SIGCHLD) received from 108
2025/04/01 18:47:50 [notice] 1#1: worker process 108 exited with code 0
2025/04/01 18:47:50 [notice] 1#1: worker process 111 exited with code 0
2025/04/01 18:47:50 [notice] 1#1: signal 17 (SIGCHLD) received from 111
2025/04/01 18:47:50 [notice] 1#1: worker process 100 exited with code 0
2025/04/01 18:47:50 [notice] 1#1: worker process 106 exited with code 0
2025/04/01 18:47:50 [notice] 1#1: signal 17 (SIGCHLD) received from 106
2025/04/01 18:47:50 [notice] 1#1: signal 29 (SIGIO) received
2025/04/01 18:47:50 [notice] 1#1: signal 17 (SIGCHLD) received from 98
2025/04/01 18:47:50 [notice] 1#1: worker process 98 exited with code 0
2025/04/01 18:47:50 [notice] 1#1: exit
2025/04/01 19:40:48 [notice] 1#1: using the "epoll" event method
2025/04/01 19:40:48 [notice] 1#1: nginx/1.27.4
2025/04/01 19:40:48 [notice] 1#1: built by gcc 12.2.0 (Debian 12.2.0-14) 
2025/04/01 19:40:48 [notice] 1#1: OS: Linux 5.15.167.4-microsoft-standard-WSL2
2025/04/01 19:40:48 [notice] 1#1: getrlimit(RLIMIT_NOFILE): 1048576:1048576
2025/04/01 19:40:48 [notice] 1#1: start worker processes
2025/04/01 19:40:48 [notice] 1#1: start worker process 28
2025/04/01 19:40:48 [notice] 1#1: start worker process 29
2025/04/01 19:40:48 [notice] 1#1: start worker process 30
2025/04/01 19:40:48 [notice] 1#1: start worker process 31
2025/04/01 19:40:48 [notice] 1#1: start worker process 32
2025/04/01 19:40:48 [notice] 1#1: start worker process 33
2025/04/01 19:40:48 [notice] 1#1: start worker process 34
2025/04/01 19:40:48 [notice] 1#1: start worker process 35
2025/04/01 19:40:48 [notice] 1#1: start worker process 36
2025/04/01 19:40:48 [notice] 1#1: start worker process 37
2025/04/01 19:40:48 [notice] 1#1: start worker process 38
2025/04/01 19:40:48 [notice] 1#1: start worker process 39
2025/04/01 19:40:48 [notice] 1#1: start worker process 40
2025/04/01 19:40:48 [notice] 1#1: start worker process 41
2025/04/01 19:40:48 [notice] 1#1: start worker process 42
2025/04/01 19:40:48 [notice] 1#1: start worker process 43
2025/04/01 19:40:48 [notice] 1#1: start worker process 44
2025/04/01 19:40:48 [notice] 1#1: start worker process 45
2025/04/01 19:40:48 [notice] 1#1: start worker process 46
2025/04/01 19:40:48 [notice] 1#1: start worker process 47
2025/04/01 19:40:48 [notice] 1#1: start worker process 48
2025/04/01 19:40:48 [notice] 1#1: start worker process 49
2025/04/01 19:40:48 [notice] 1#1: start worker process 50
2025/04/01 19:40:48 [notice] 1#1: start worker process 51
2025/04/01 19:40:48 [notice] 1#1: start worker process 52
2025/04/01 19:40:48 [notice] 1#1: start worker process 53
2025/04/01 19:40:48 [notice] 1#1: start worker process 54
2025/04/01 19:40:48 [notice] 1#1: start worker process 55
2025/04/06 17:53:32 [notice] 1#1: using the "epoll" event method
2025/04/06 17:53:32 [notice] 1#1: nginx/1.27.4
2025/04/06 17:53:32 [notice] 1#1: built by gcc 12.2.0 (Debian 12.2.0-14) 
2025/04/06 17:53:32 [notice] 1#1: OS: Linux 5.15.167.4-microsoft-standard-WSL2
2025/04/06 17:53:32 [notice] 1#1: getrlimit(RLIMIT_NOFILE): 1048576:1048576
2025/04/06 17:53:32 [notice] 1#1: start worker processes
2025/04/06 17:53:32 [notice] 1#1: start worker process 28
2025/04/06 17:53:32 [notice] 1#1: start worker process 29
2025/04/06 17:53:32 [notice] 1#1: start worker process 30
2025/04/06 17:53:32 [notice] 1#1: start worker process 31
2025/04/06 17:53:32 [notice] 1#1: start worker process 32
2025/04/06 17:53:32 [notice] 1#1: start worker process 33
2025/04/06 17:53:32 [notice] 1#1: start worker process 34
2025/04/06 17:53:32 [notice] 1#1: start worker process 35
2025/04/06 17:53:32 [notice] 1#1: start worker process 36
2025/04/06 17:53:32 [notice] 1#1: start worker process 37
2025/04/06 17:53:32 [notice] 1#1: start worker process 38
2025/04/06 17:53:32 [notice] 1#1: start worker process 39
2025/04/06 17:53:32 [notice] 1#1: start worker process 40
2025/04/06 17:53:32 [notice] 1#1: start worker process 41
2025/04/06 17:53:32 [notice] 1#1: start worker process 42
2025/04/06 17:53:32 [notice] 1#1: start worker process 43
2025/04/06 17:53:32 [notice] 1#1: start worker process 44
2025/04/06 17:53:32 [notice] 1#1: start worker process 45
2025/04/06 17:53:32 [notice] 1#1: start worker process 46
2025/04/06 17:53:32 [notice] 1#1: start worker process 47
2025/04/06 17:53:32 [notice] 1#1: start worker process 48
2025/04/06 17:53:32 [notice] 1#1: start worker process 49
2025/04/06 17:53:32 [notice] 1#1: start worker process 50
2025/04/06 17:53:32 [notice] 1#1: start worker process 51
2025/04/06 17:53:32 [notice] 1#1: start worker process 52
2025/04/06 17:53:32 [notice] 1#1: start worker process 53
2025/04/06 17:53:32 [notice] 1#1: start worker process 54
2025/04/06 17:53:32 [notice] 1#1: start worker process 55
2025/04/06 19:42:26 [notice] 1#1: using the "epoll" event method
2025/04/06 19:42:26 [notice] 1#1: nginx/1.27.4
2025/04/06 19:42:26 [notice] 1#1: built by gcc 12.2.0 (Debian 12.2.0-14) 
2025/04/06 19:42:26 [notice] 1#1: OS: Linux 5.15.167.4-microsoft-standard-WSL2
2025/04/06 19:42:26 [notice] 1#1: getrlimit(RLIMIT_NOFILE): 1048576:1048576
2025/04/06 19:42:26 [notice] 1#1: start worker processes
2025/04/06 19:42:26 [notice] 1#1: start worker process 28
2025/04/06 19:42:26 [notice] 1#1: start worker process 29
2025/04/06 19:42:26 [notice] 1#1: start worker process 30
2025/04/06 19:42:26 [notice] 1#1: start worker process 31
2025/04/06 19:42:26 [notice] 1#1: start worker process 32
2025/04/06 19:42:26 [notice] 1#1: start worker process 33
2025/04/06 19:42:26 [notice] 1#1: start worker process 34
2025/04/06 19:42:26 [notice] 1#1: start worker process 35
2025/04/06 19:42:26 [notice] 1#1: start worker process 36
2025/04/06 19:42:26 [notice] 1#1: start worker process 37
2025/04/06 19:42:26 [notice] 1#1: start worker process 38
2025/04/06 19:42:26 [notice] 1#1: start worker process 39
2025/04/06 19:42:26 [notice] 1#1: start worker process 40
2025/04/06 19:42:26 [notice] 1#1: start worker process 41
2025/04/06 19:42:26 [notice] 1#1: start worker process 42
2025/04/06 19:42:26 [notice] 1#1: start worker process 43
2025/04/06 19:42:26 [notice] 1#1: start worker process 44
2025/04/06 19:42:26 [notice] 1#1: start worker process 45
2025/04/06 19:42:26 [notice] 1#1: start worker process 46
2025/04/06 19:42:26 [notice] 1#1: start worker process 47
2025/04/06 19:42:26 [notice] 1#1: start worker process 48
2025/04/06 19:42:26 [notice] 1#1: start worker process 49
2025/04/06 19:42:26 [notice] 1#1: start worker process 50
2025/04/06 19:42:26 [notice] 1#1: start worker process 51
2025/04/06 19:42:26 [notice] 1#1: start worker process 52
2025/04/06 19:42:26 [notice] 1#1: start worker process 53
2025/04/06 19:42:26 [notice] 1#1: start worker process 54
2025/04/06 19:42:26 [notice] 1#1: start worker process 55
